TN:
SF:src\controllers\buildController.js
FN:17,(anonymous_0)
FN:20,(anonymous_1)
FN:33,(anonymous_2)
FN:39,(anonymous_3)
FN:46,(anonymous_4)
FN:60,(anonymous_5)
FN:72,(anonymous_6)
FN:84,(anonymous_7)
FN:104,(anonymous_8)
FN:142,(anonymous_9)
FN:144,(anonymous_10)
FN:160,(anonymous_11)
FN:175,(anonymous_12)
FN:190,(anonymous_13)
FNF:14
FNH:14
FNDA:2,(anonymous_0)
FNDA:2,(anonymous_1)
FNDA:25,(anonymous_2)
FNDA:4,(anonymous_3)
FNDA:3,(anonymous_4)
FNDA:1,(anonymous_5)
FNDA:2,(anonymous_6)
FNDA:5,(anonymous_7)
FNDA:3,(anonymous_8)
FNDA:3,(anonymous_9)
FNDA:1,(anonymous_10)
FNDA:1,(anonymous_11)
FNDA:1,(anonymous_12)
FNDA:4,(anonymous_13)
DA:7,2
DA:8,2
DA:9,2
DA:12,2
DA:13,2
DA:16,2
DA:18,0
DA:21,0
DA:22,0
DA:25,2
DA:31,2
DA:33,2
DA:34,25
DA:35,7
DA:36,7
DA:39,2
DA:40,4
DA:42,4
DA:43,1
DA:46,3
DA:47,3
DA:49,2
DA:50,1
DA:55,1
DA:60,2
DA:61,1
DA:62,1
DA:65,1
DA:67,0
DA:68,0
DA:72,2
DA:73,2
DA:74,2
DA:75,2
DA:76,2
DA:77,1
DA:79,0
DA:80,0
DA:84,2
DA:85,5
DA:86,5
DA:87,5
DA:88,5
DA:89,5
DA:90,5
DA:91,5
DA:92,5
DA:94,5
DA:95,1
DA:98,4
DA:99,1
DA:104,3
DA:105,3
DA:115,3
DA:116,2
DA:119,1
DA:131,1
DA:139,1
DA:142,3
DA:143,3
DA:144,1
DA:146,2
DA:149,3
DA:151,3
DA:153,5
DA:155,0
DA:156,0
DA:160,2
DA:161,1
DA:162,1
DA:163,1
DA:164,1
DA:168,1
DA:170,0
DA:171,0
DA:175,2
DA:176,1
DA:177,1
DA:178,1
DA:179,1
DA:180,1
DA:182,0
DA:183,0
DA:188,2
DA:191,4
DA:192,4
DA:193,4
DA:194,4
DA:196,4
DA:197,3
DA:199,2
DA:200,2
DA:203,1
DA:209,1
DA:220,1
DA:227,0
DA:228,0
LF:97
LH:82
BRDA:13,0,0,0
BRDA:13,0,1,2
BRDA:34,1,0,18
BRDA:34,1,1,7
BRDA:36,2,0,7
BRDA:36,2,1,0
BRDA:40,3,0,4
BRDA:40,3,1,1
BRDA:42,4,0,1
BRDA:42,4,1,3
BRDA:47,5,0,1
BRDA:47,5,1,2
BRDA:49,6,0,1
BRDA:49,6,1,1
BRDA:49,7,0,2
BRDA:49,7,1,1
BRDA:55,8,0,1
BRDA:55,8,1,0
BRDA:76,9,0,1
BRDA:76,9,1,1
BRDA:86,10,0,5
BRDA:86,10,1,0
BRDA:87,11,0,5
BRDA:87,11,1,1
BRDA:94,12,0,1
BRDA:94,12,1,4
BRDA:98,13,0,1
BRDA:98,13,1,3
BRDA:98,14,0,4
BRDA:98,14,1,2
BRDA:115,15,0,2
BRDA:115,15,1,1
BRDA:143,16,0,1
BRDA:143,16,1,2
BRDA:151,17,0,1
BRDA:151,17,1,2
BRDA:196,18,0,1
BRDA:196,18,1,3
BRDA:197,19,0,1
BRDA:197,19,1,2
BRDA:200,20,0,1
BRDA:200,20,1,1
BRF:42
BRH:38
end_of_record
TN:
SF:src\controllers\userController.js
FN:8,(anonymous_0)
FN:20,(anonymous_1)
FN:35,(anonymous_2)
FN:58,(anonymous_3)
FN:78,(anonymous_4)
FN:91,(anonymous_5)
FN:118,(anonymous_6)
FNF:7
FNH:7
FNDA:1,(anonymous_0)
FNDA:1,(anonymous_1)
FNDA:2,(anonymous_2)
FNDA:2,(anonymous_3)
FNDA:1,(anonymous_4)
FNDA:2,(anonymous_5)
FNDA:3,(anonymous_6)
DA:6,1
DA:8,1
DA:9,1
DA:10,1
DA:13,1
DA:15,0
DA:16,0
DA:20,1
DA:21,1
DA:22,1
DA:23,1
DA:27,1
DA:28,0
DA:30,0
DA:31,0
DA:35,1
DA:36,2
DA:37,2
DA:38,2
DA:39,2
DA:41,1
DA:42,1
DA:50,1
DA:51,1
DA:53,0
DA:54,0
DA:58,1
DA:59,2
DA:60,2
DA:61,2
DA:62,2
DA:70,2
DA:71,2
DA:73,0
DA:74,0
DA:78,1
DA:79,1
DA:80,1
DA:81,1
DA:82,1
DA:84,0
DA:85,0
DA:91,1
DA:92,2
DA:93,2
DA:94,2
DA:95,2
DA:96,1
DA:98,1
DA:99,1
DA:105,1
DA:110,1
DA:111,1
DA:113,0
DA:114,0
DA:118,1
DA:119,3
DA:120,3
DA:121,3
DA:122,3
DA:123,1
DA:125,2
DA:126,2
DA:127,2
DA:130,1
DA:135,1
DA:136,1
DA:138,0
DA:139,0
LF:69
LH:54
BRDA:27,0,0,1
BRDA:27,0,1,0
BRDA:39,1,0,1
BRDA:39,1,1,1
BRDA:47,2,0,0
BRDA:47,2,1,1
BRDA:65,3,0,1
BRDA:65,3,1,1
BRDA:66,4,0,1
BRDA:66,4,1,1
BRDA:67,5,0,1
BRDA:67,5,1,1
BRDA:95,6,0,1
BRDA:95,6,1,1
BRDA:122,7,0,1
BRDA:122,7,1,2
BRDA:126,8,0,1
BRDA:126,8,1,1
BRF:18
BRH:16
end_of_record
TN:
SF:src\middleware\adminMiddleware.js
FN:4,adminOnly
FNF:1
FNH:1
FNDA:3,adminOnly
DA:2,1
DA:5,3
DA:6,3
DA:7,1
DA:10,2
DA:11,1
DA:14,1
DA:16,0
DA:17,0
LF:9
LH:7
BRDA:6,0,0,1
BRDA:6,0,1,2
BRDA:10,1,0,1
BRDA:10,1,1,1
BRF:4
BRH:4
end_of_record
TN:
SF:src\middleware\authMiddleware.js
FN:5,getPrisma
FN:10,(anonymous_1)
FNF:2
FNH:2
FNDA:2,getPrisma
FNDA:4,(anonymous_1)
DA:6,2
DA:7,2
DA:10,1
DA:11,4
DA:13,4
DA:14,1
DA:17,3
DA:19,3
DA:20,3
DA:22,4
DA:23,4
DA:28,2
DA:29,1
DA:32,1
DA:33,1
DA:35,1
LF:16
LH:16
BRDA:6,0,0,1
BRDA:6,0,1,1
BRDA:13,1,0,1
BRDA:13,1,1,3
BRDA:13,2,0,4
BRDA:13,2,1,3
BRDA:20,3,0,3
BRDA:20,3,1,0
BRDA:28,4,0,1
BRDA:28,4,1,1
BRF:10
BRH:9
end_of_record
