<?xml version="1.0" encoding="UTF-8"?>
<coverage generated="1765576311689" clover="3.2.0">
  <project timestamp="1765576311689" name="All files">
    <metrics statements="141" coveredstatements="130" conditionals="78" coveredconditionals="61" methods="37" coveredmethods="33" elements="256" coveredelements="224" complexity="0" loc="141" ncloc="141" packages="1" files="13" classes="13"/>
    <file name="AdminUsers.css" path="C:\depots\Automne 2025\Developpement Application\projet_final_devApp\SPL\src\AdminUsers.css">
      <metrics statements="0" coveredstatements="0" conditionals="0" coveredconditionals="0" methods="0" coveredmethods="0"/>
    </file>
    <file name="AdminUsers.tsx" path="C:\depots\Automne 2025\Developpement Application\projet_final_devApp\SPL\src\AdminUsers.tsx">
      <metrics statements="20" coveredstatements="19" conditionals="10" coveredconditionals="7" methods="11" coveredmethods="10"/>
      <line num="14" count="5" type="stmt"/>
      <line num="15" count="5" type="stmt"/>
      <line num="16" count="5" type="stmt"/>
      <line num="17" count="5" type="stmt"/>
      <line num="20" count="5" type="stmt"/>
      <line num="21" count="2" type="stmt"/>
      <line num="25" count="2" type="cond" truecount="1" falsecount="1"/>
      <line num="26" count="2" type="stmt"/>
      <line num="28" count="2" type="stmt"/>
      <line num="29" count="0" type="stmt"/>
      <line num="30" count="2" type="stmt"/>
      <line num="33" count="5" type="stmt"/>
      <line num="34" count="1" type="cond" truecount="1" falsecount="1"/>
      <line num="36" count="1" type="stmt"/>
      <line num="41" count="1" type="stmt"/>
      <line num="44" count="5" type="cond" truecount="2" falsecount="0"/>
      <line num="45" count="3" type="cond" truecount="1" falsecount="1"/>
      <line num="47" count="3" type="stmt"/>
      <line num="62" count="3" type="stmt"/>
      <line num="73" count="1" type="stmt"/>
    </file>
    <file name="AuthContext.ts" path="C:\depots\Automne 2025\Developpement Application\projet_final_devApp\SPL\src\AuthContext.ts">
      <metrics statements="1" coveredstatements="1" conditionals="0" coveredconditionals="0" methods="2" coveredmethods="0"/>
      <line num="18" count="6" type="stmt"/>
    </file>
    <file name="Builds.css" path="C:\depots\Automne 2025\Developpement Application\projet_final_devApp\SPL\src\Builds.css">
      <metrics statements="0" coveredstatements="0" conditionals="0" coveredconditionals="0" methods="0" coveredmethods="0"/>
    </file>
    <file name="Builds.tsx" path="C:\depots\Automne 2025\Developpement Application\projet_final_devApp\SPL\src\Builds.tsx">
      <metrics statements="22" coveredstatements="16" conditionals="12" coveredconditionals="8" methods="10" coveredmethods="9"/>
      <line num="17" count="9" type="stmt"/>
      <line num="18" count="9" type="stmt"/>
      <line num="19" count="9" type="stmt"/>
      <line num="21" count="9" type="stmt"/>
      <line num="22" count="4" type="stmt"/>
      <line num="23" count="4" type="stmt"/>
      <line num="25" count="4" type="cond" truecount="1" falsecount="1"/>
      <line num="26" count="0" type="stmt"/>
      <line num="28" count="0" type="stmt"/>
      <line num="29" count="4" type="stmt"/>
      <line num="32" count="9" type="stmt"/>
      <line num="58" count="4" type="stmt"/>
      <line num="76" count="1" type="cond" truecount="1" falsecount="1"/>
      <line num="81" count="0" type="stmt"/>
      <line num="82" count="1" type="stmt"/>
      <line num="83" count="1" type="stmt"/>
      <line num="89" count="1" type="cond" truecount="1" falsecount="1"/>
      <line num="90" count="0" type="stmt"/>
      <line num="91" count="1" type="stmt"/>
      <line num="92" count="1" type="stmt"/>
      <line num="95" count="0" type="stmt"/>
      <line num="96" count="0" type="stmt"/>
    </file>
    <file name="Header.css" path="C:\depots\Automne 2025\Developpement Application\projet_final_devApp\SPL\src\Header.css">
      <metrics statements="0" coveredstatements="0" conditionals="0" coveredconditionals="0" methods="0" coveredmethods="0"/>
    </file>
    <file name="Header.tsx" path="C:\depots\Automne 2025\Developpement Application\projet_final_devApp\SPL\src\Header.tsx">
      <metrics statements="3" coveredstatements="3" conditionals="10" coveredconditionals="10" methods="1" coveredmethods="1"/>
      <line num="7" count="5" type="stmt"/>
      <line num="8" count="5" type="cond" truecount="2" falsecount="0"/>
      <line num="10" count="5" type="stmt"/>
    </file>
    <file name="Login.css" path="C:\depots\Automne 2025\Developpement Application\projet_final_devApp\SPL\src\Login.css">
      <metrics statements="0" coveredstatements="0" conditionals="0" coveredconditionals="0" methods="0" coveredmethods="0"/>
    </file>
    <file name="Login.tsx" path="C:\depots\Automne 2025\Developpement Application\projet_final_devApp\SPL\src\Login.tsx">
      <metrics statements="24" coveredstatements="24" conditionals="11" coveredconditionals="11" methods="4" coveredmethods="4"/>
      <line num="7" count="31" type="stmt"/>
      <line num="8" count="31" type="stmt"/>
      <line num="10" count="31" type="stmt"/>
      <line num="11" count="31" type="stmt"/>
      <line num="12" count="31" type="stmt"/>
      <line num="13" count="31" type="stmt"/>
      <line num="15" count="31" type="stmt"/>
      <line num="16" count="6" type="stmt"/>
      <line num="17" count="6" type="stmt"/>
      <line num="18" count="6" type="stmt"/>
      <line num="20" count="6" type="stmt"/>
      <line num="21" count="6" type="stmt"/>
      <line num="26" count="5" type="stmt"/>
      <line num="28" count="5" type="cond" truecount="2" falsecount="0"/>
      <line num="29" count="2" type="cond" truecount="2" falsecount="0"/>
      <line num="30" count="2" type="stmt"/>
      <line num="31" count="2" type="stmt"/>
      <line num="34" count="3" type="stmt"/>
      <line num="43" count="6" type="stmt"/>
      <line num="45" count="1" type="stmt"/>
      <line num="47" count="6" type="stmt"/>
      <line num="51" count="31" type="stmt"/>
      <line num="63" count="6" type="stmt"/>
      <line num="74" count="6" type="stmt"/>
    </file>
    <file name="NewBuild.css" path="C:\depots\Automne 2025\Developpement Application\projet_final_devApp\SPL\src\NewBuild.css">
      <metrics statements="0" coveredstatements="0" conditionals="0" coveredconditionals="0" methods="0" coveredmethods="0"/>
    </file>
    <file name="NewBuild.tsx" path="C:\depots\Automne 2025\Developpement Application\projet_final_devApp\SPL\src\NewBuild.tsx">
      <metrics statements="45" coveredstatements="41" conditionals="27" coveredconditionals="17" methods="4" coveredmethods="4"/>
      <line num="7" count="19" type="stmt"/>
      <line num="14" count="19" type="stmt"/>
      <line num="15" count="19" type="stmt"/>
      <line num="16" count="19" type="stmt"/>
      <line num="17" count="19" type="stmt"/>
      <line num="19" count="19" type="stmt"/>
      <line num="24" count="11" type="stmt"/>
      <line num="27" count="19" type="stmt"/>
      <line num="28" count="3" type="stmt"/>
      <line num="29" count="3" type="stmt"/>
      <line num="31" count="3" type="cond" truecount="4" falsecount="0"/>
      <line num="32" count="1" type="stmt"/>
      <line num="33" count="1" type="stmt"/>
      <line num="36" count="2" type="stmt"/>
      <line num="37" count="2" type="stmt"/>
      <line num="38" count="2" type="stmt"/>
      <line num="39" count="2" type="stmt"/>
      <line num="40" count="2" type="stmt"/>
      <line num="41" count="2" type="stmt"/>
      <line num="42" count="2" type="stmt"/>
      <line num="44" count="2" type="stmt"/>
      <line num="45" count="2" type="stmt"/>
      <line num="46" count="2" type="cond" truecount="2" falsecount="0"/>
      <line num="47" count="2" type="cond" truecount="2" falsecount="0"/>
      <line num="48" count="2" type="stmt"/>
      <line num="50" count="2" type="cond" truecount="1" falsecount="1"/>
      <line num="51" count="0" type="stmt"/>
      <line num="54" count="2" type="stmt"/>
      <line num="60" count="2" type="cond" truecount="2" falsecount="0"/>
      <line num="61" count="1" type="stmt"/>
      <line num="62" count="1" type="stmt"/>
      <line num="63" count="1" type="stmt"/>
      <line num="64" count="0" type="cond" truecount="0" falsecount="5"/>
      <line num="65" count="0" type="stmt"/>
      <line num="68" count="1" type="stmt"/>
      <line num="70" count="1" type="stmt"/>
      <line num="73" count="1" type="stmt"/>
      <line num="74" count="1" type="cond" truecount="1" falsecount="1"/>
      <line num="75" count="0" type="stmt"/>
      <line num="78" count="1" type="stmt"/>
      <line num="80" count="1" type="stmt"/>
      <line num="81" count="1" type="cond" truecount="1" falsecount="1"/>
      <line num="85" count="19" type="stmt"/>
      <line num="86" count="1" type="stmt"/>
      <line num="89" count="19" type="stmt"/>
    </file>
    <file name="Signup.css" path="C:\depots\Automne 2025\Developpement Application\projet_final_devApp\SPL\src\Signup.css">
      <metrics statements="0" coveredstatements="0" conditionals="0" coveredconditionals="0" methods="0" coveredmethods="0"/>
    </file>
    <file name="Signup.tsx" path="C:\depots\Automne 2025\Developpement Application\projet_final_devApp\SPL\src\Signup.tsx">
      <metrics statements="26" coveredstatements="26" conditionals="8" coveredconditionals="8" methods="5" coveredmethods="5"/>
      <line num="6" count="29" type="stmt"/>
      <line num="7" count="29" type="stmt"/>
      <line num="9" count="29" type="stmt"/>
      <line num="10" count="29" type="stmt"/>
      <line num="11" count="29" type="stmt"/>
      <line num="12" count="29" type="stmt"/>
      <line num="13" count="29" type="stmt"/>
      <line num="15" count="29" type="stmt"/>
      <line num="16" count="4" type="stmt"/>
      <line num="17" count="4" type="stmt"/>
      <line num="18" count="4" type="stmt"/>
      <line num="20" count="4" type="stmt"/>
      <line num="21" count="4" type="stmt"/>
      <line num="27" count="3" type="stmt"/>
      <line num="29" count="3" type="cond" truecount="2" falsecount="0"/>
      <line num="30" count="2" type="cond" truecount="2" falsecount="0"/>
      <line num="31" count="2" type="stmt"/>
      <line num="32" count="2" type="stmt"/>
      <line num="35" count="1" type="stmt"/>
      <line num="36" count="1" type="stmt"/>
      <line num="38" count="1" type="stmt"/>
      <line num="40" count="4" type="stmt"/>
      <line num="44" count="29" type="stmt"/>
      <line num="56" count="5" type="stmt"/>
      <line num="67" count="5" type="stmt"/>
      <line num="79" count="5" type="stmt"/>
    </file>
  </project>
</coverage>
