<?xml version="1.0" encoding="UTF-8"?>
<coverage generated="1763750509149" clover="3.2.0">
  <project timestamp="1763750509149" name="All files">
    <metrics statements="54" coveredstatements="54" conditionals="29" coveredconditionals="29" methods="12" coveredmethods="10" elements="95" coveredelements="93" complexity="0" loc="54" ncloc="54" packages="1" files="7" classes="7"/>
    <file name="AuthContext.ts" path="C:\depots\Automne 2025\Developpement Application\projet_final_devApp\SPL\src\AuthContext.ts">
      <metrics statements="1" coveredstatements="1" conditionals="0" coveredconditionals="0" methods="2" coveredmethods="0"/>
      <line num="18" count="3" type="stmt"/>
    </file>
    <file name="Header.css" path="C:\depots\Automne 2025\Developpement Application\projet_final_devApp\SPL\src\Header.css">
      <metrics statements="0" coveredstatements="0" conditionals="0" coveredconditionals="0" methods="0" coveredmethods="0"/>
    </file>
    <file name="Header.tsx" path="C:\depots\Automne 2025\Developpement Application\projet_final_devApp\SPL\src\Header.tsx">
      <metrics statements="3" coveredstatements="3" conditionals="10" coveredconditionals="10" methods="1" coveredmethods="1"/>
      <line num="7" count="5" type="stmt"/>
      <line num="8" count="5" type="cond" truecount="2" falsecount="0"/>
      <line num="10" count="5" type="stmt"/>
    </file>
    <file name="Login.css" path="C:\depots\Automne 2025\Developpement Application\projet_final_devApp\SPL\src\Login.css">
      <metrics statements="0" coveredstatements="0" conditionals="0" coveredconditionals="0" methods="0" coveredmethods="0"/>
    </file>
    <file name="Login.tsx" path="C:\depots\Automne 2025\Developpement Application\projet_final_devApp\SPL\src\Login.tsx">
      <metrics statements="24" coveredstatements="24" conditionals="11" coveredconditionals="11" methods="4" coveredmethods="4"/>
      <line num="7" count="31" type="stmt"/>
      <line num="8" count="31" type="stmt"/>
      <line num="10" count="31" type="stmt"/>
      <line num="11" count="31" type="stmt"/>
      <line num="12" count="31" type="stmt"/>
      <line num="13" count="31" type="stmt"/>
      <line num="15" count="31" type="stmt"/>
      <line num="16" count="6" type="stmt"/>
      <line num="17" count="6" type="stmt"/>
      <line num="18" count="6" type="stmt"/>
      <line num="20" count="6" type="stmt"/>
      <line num="21" count="6" type="stmt"/>
      <line num="26" count="5" type="stmt"/>
      <line num="28" count="5" type="cond" truecount="2" falsecount="0"/>
      <line num="29" count="2" type="cond" truecount="2" falsecount="0"/>
      <line num="30" count="2" type="stmt"/>
      <line num="31" count="2" type="stmt"/>
      <line num="34" count="3" type="stmt"/>
      <line num="43" count="6" type="stmt"/>
      <line num="45" count="1" type="stmt"/>
      <line num="47" count="6" type="stmt"/>
      <line num="51" count="31" type="stmt"/>
      <line num="63" count="6" type="stmt"/>
      <line num="74" count="6" type="stmt"/>
    </file>
    <file name="Signup.css" path="C:\depots\Automne 2025\Developpement Application\projet_final_devApp\SPL\src\Signup.css">
      <metrics statements="0" coveredstatements="0" conditionals="0" coveredconditionals="0" methods="0" coveredmethods="0"/>
    </file>
    <file name="Signup.tsx" path="C:\depots\Automne 2025\Developpement Application\projet_final_devApp\SPL\src\Signup.tsx">
      <metrics statements="26" coveredstatements="26" conditionals="8" coveredconditionals="8" methods="5" coveredmethods="5"/>
      <line num="6" count="29" type="stmt"/>
      <line num="7" count="29" type="stmt"/>
      <line num="9" count="29" type="stmt"/>
      <line num="10" count="29" type="stmt"/>
      <line num="11" count="29" type="stmt"/>
      <line num="12" count="29" type="stmt"/>
      <line num="13" count="29" type="stmt"/>
      <line num="15" count="29" type="stmt"/>
      <line num="16" count="4" type="stmt"/>
      <line num="17" count="4" type="stmt"/>
      <line num="18" count="4" type="stmt"/>
      <line num="20" count="4" type="stmt"/>
      <line num="21" count="4" type="stmt"/>
      <line num="27" count="3" type="stmt"/>
      <line num="29" count="3" type="cond" truecount="2" falsecount="0"/>
      <line num="30" count="2" type="cond" truecount="2" falsecount="0"/>
      <line num="31" count="2" type="stmt"/>
      <line num="32" count="2" type="stmt"/>
      <line num="35" count="1" type="stmt"/>
      <line num="36" count="1" type="stmt"/>
      <line num="38" count="1" type="stmt"/>
      <line num="40" count="4" type="stmt"/>
      <line num="44" count="29" type="stmt"/>
      <line num="56" count="5" type="stmt"/>
      <line num="67" count="5" type="stmt"/>
      <line num="79" count="5" type="stmt"/>
    </file>
  </project>
</coverage>
