{"C:\\depots\\Automne 2025\\Developpement Application\\projet_final_devApp\\SPL\\src\\AuthContext.ts": {"path":"C:\\depots\\Automne 2025\\Developpement Application\\projet_final_devApp\\SPL\\src\\AuthContext.ts","statementMap":{"0":{"start":{"line":18,"column":13},"end":{"line":23,"column":null}}},"fnMap":{"0":{"name":"(anonymous_0)","decl":{"start":{"line":21,"column":9},"end":{"line":21,"column":15}},"loc":{"start":{"line":21,"column":15},"end":{"line":21,"column":null}},"line":21},"1":{"name":"(anonymous_1)","decl":{"start":{"line":22,"column":10},"end":{"line":22,"column":16}},"loc":{"start":{"line":22,"column":16},"end":{"line":22,"column":null}},"line":22}},"branchMap":{},"s":{"0":3},"f":{"0":0,"1":0},"b":{},"meta":{"lastBranch":0,"lastFunction":2,"lastStatement":1,"seen":{"s:18:13:23:Infinity":0,"f:21:9:21:15":0,"f:22:10:22:16":1}}}
,"C:\\depots\\Automne 2025\\Developpement Application\\projet_final_devApp\\SPL\\src\\Header.css": {"path":"C:\\depots\\Automne 2025\\Developpement Application\\projet_final_devApp\\SPL\\src\\Header.css","statementMap":{},"fnMap":{},"branchMap":{},"s":{},"f":{},"b":{},"meta":{"lastBranch":0,"lastFunction":0,"lastStatement":0,"seen":{}}}
,"C:\\depots\\Automne 2025\\Developpement Application\\projet_final_devApp\\SPL\\src\\Header.tsx": {"path":"C:\\depots\\Automne 2025\\Developpement Application\\projet_final_devApp\\SPL\\src\\Header.tsx","statementMap":{"0":{"start":{"line":7,"column":30},"end":{"line":7,"column":null}},"1":{"start":{"line":8,"column":18},"end":{"line":8,"column":null}},"2":{"start":{"line":10,"column":2},"end":{"line":36,"column":null}}},"fnMap":{"0":{"name":"Header","decl":{"start":{"line":6,"column":24},"end":{"line":6,"column":33}},"loc":{"start":{"line":6,"column":33},"end":{"line":38,"column":null}},"line":6}},"branchMap":{"0":{"loc":{"start":{"line":8,"column":18},"end":{"line":8,"column":null}},"type":"binary-expr","locations":[{"start":{"line":8,"column":18},"end":{"line":8,"column":35}},{"start":{"line":8,"column":35},"end":{"line":8,"column":null}}],"line":8},"1":{"loc":{"start":{"line":17,"column":9},"end":{"line":33,"column":null}},"type":"cond-expr","locations":[{"start":{"line":18,"column":10},"end":{"line":28,"column":null}},{"start":{"line":30,"column":10},"end":{"line":33,"column":null}}],"line":17},"2":{"loc":{"start":{"line":20,"column":13},"end":{"line":20,"column":null}},"type":"binary-expr","locations":[{"start":{"line":20,"column":13},"end":{"line":20,"column":24}},{"start":{"line":20,"column":24},"end":{"line":20,"column":null}}],"line":20},"3":{"loc":{"start":{"line":22,"column":15},"end":{"line":22,"column":null}},"type":"binary-expr","locations":[{"start":{"line":22,"column":15},"end":{"line":22,"column":33}},{"start":{"line":22,"column":33},"end":{"line":22,"column":null}}],"line":22},"4":{"loc":{"start":{"line":23,"column":15},"end":{"line":23,"column":null}},"type":"binary-expr","locations":[{"start":{"line":23,"column":15},"end":{"line":23,"column":26}},{"start":{"line":23,"column":26},"end":{"line":23,"column":null}}],"line":23}},"s":{"0":5,"1":5,"2":5},"f":{"0":5},"b":{"0":[5,1],"1":[4,1],"2":[4,1],"3":[4,1],"4":[4,1]},"meta":{"lastBranch":5,"lastFunction":1,"lastStatement":3,"seen":{"f:6:24:6:33":0,"s:7:30:7:Infinity":0,"s:8:18:8:Infinity":1,"b:8:18:8:35:8:35:8:Infinity":0,"s:10:2:36:Infinity":2,"b:18:10:28:Infinity:30:10:33:Infinity":1,"b:20:13:20:24:20:24:20:Infinity":2,"b:22:15:22:33:22:33:22:Infinity":3,"b:23:15:23:26:23:26:23:Infinity":4}}}
,"C:\\depots\\Automne 2025\\Developpement Application\\projet_final_devApp\\SPL\\src\\Login.css": {"path":"C:\\depots\\Automne 2025\\Developpement Application\\projet_final_devApp\\SPL\\src\\Login.css","statementMap":{},"fnMap":{},"branchMap":{},"s":{},"f":{},"b":{},"meta":{"lastBranch":0,"lastFunction":0,"lastStatement":0,"seen":{}}}
,"C:\\depots\\Automne 2025\\Developpement Application\\projet_final_devApp\\SPL\\src\\Login.tsx": {"path":"C:\\depots\\Automne 2025\\Developpement Application\\projet_final_devApp\\SPL\\src\\Login.tsx","statementMap":{"0":{"start":{"line":7,"column":8},"end":{"line":7,"column":null}},"1":{"start":{"line":8,"column":16},"end":{"line":8,"column":null}},"2":{"start":{"line":10,"column":24},"end":{"line":10,"column":null}},"3":{"start":{"line":11,"column":30},"end":{"line":11,"column":null}},"4":{"start":{"line":12,"column":24},"end":{"line":12,"column":null}},"5":{"start":{"line":13,"column":28},"end":{"line":13,"column":null}},"6":{"start":{"line":15,"column":17},"end":{"line":49,"column":null}},"7":{"start":{"line":16,"column":4},"end":{"line":16,"column":null}},"8":{"start":{"line":17,"column":4},"end":{"line":17,"column":null}},"9":{"start":{"line":18,"column":4},"end":{"line":18,"column":null}},"10":{"start":{"line":20,"column":4},"end":{"line":48,"column":null}},"11":{"start":{"line":21,"column":18},"end":{"line":25,"column":null}},"12":{"start":{"line":26,"column":19},"end":{"line":26,"column":null}},"13":{"start":{"line":28,"column":6},"end":{"line":32,"column":null}},"14":{"start":{"line":29,"column":8},"end":{"line":29,"column":null}},"15":{"start":{"line":30,"column":8},"end":{"line":30,"column":null}},"16":{"start":{"line":31,"column":8},"end":{"line":31,"column":null}},"17":{"start":{"line":34,"column":6},"end":{"line":42,"column":null}},"18":{"start":{"line":43,"column":6},"end":{"line":43,"column":null}},"19":{"start":{"line":45,"column":6},"end":{"line":45,"column":null}},"20":{"start":{"line":47,"column":6},"end":{"line":47,"column":null}},"21":{"start":{"line":51,"column":2},"end":{"line":90,"column":null}},"22":{"start":{"line":63,"column":31},"end":{"line":63,"column":null}},"23":{"start":{"line":74,"column":31},"end":{"line":74,"column":null}}},"fnMap":{"0":{"name":"Login","decl":{"start":{"line":6,"column":24},"end":{"line":6,"column":32}},"loc":{"start":{"line":6,"column":32},"end":{"line":92,"column":null}},"line":6},"1":{"name":"(anonymous_1)","decl":{"start":{"line":15,"column":17},"end":{"line":15,"column":24}},"loc":{"start":{"line":15,"column":47},"end":{"line":49,"column":null}},"line":15},"2":{"name":"(anonymous_2)","decl":{"start":{"line":63,"column":24},"end":{"line":63,"column":25}},"loc":{"start":{"line":63,"column":31},"end":{"line":63,"column":null}},"line":63},"3":{"name":"(anonymous_3)","decl":{"start":{"line":74,"column":24},"end":{"line":74,"column":25}},"loc":{"start":{"line":74,"column":31},"end":{"line":74,"column":null}},"line":74}},"branchMap":{"0":{"loc":{"start":{"line":28,"column":6},"end":{"line":32,"column":null}},"type":"if","locations":[{"start":{"line":28,"column":6},"end":{"line":32,"column":null}},{"start":{},"end":{}}],"line":28},"1":{"loc":{"start":{"line":29,"column":17},"end":{"line":29,"column":56}},"type":"binary-expr","locations":[{"start":{"line":29,"column":17},"end":{"line":29,"column":32}},{"start":{"line":29,"column":32},"end":{"line":29,"column":56}}],"line":29},"2":{"loc":{"start":{"line":39,"column":26},"end":{"line":39,"column":67}},"type":"binary-expr","locations":[{"start":{"line":39,"column":26},"end":{"line":39,"column":47}},{"start":{"line":39,"column":47},"end":{"line":39,"column":66}},{"start":{"line":39,"column":66},"end":{"line":39,"column":67}}],"line":39},"3":{"loc":{"start":{"line":79,"column":11},"end":{"line":79,"column":null}},"type":"binary-expr","locations":[{"start":{"line":79,"column":11},"end":{"line":79,"column":20}},{"start":{"line":79,"column":20},"end":{"line":79,"column":null}}],"line":79},"4":{"loc":{"start":{"line":82,"column":13},"end":{"line":82,"column":null}},"type":"cond-expr","locations":[{"start":{"line":82,"column":23},"end":{"line":82,"column":40}},{"start":{"line":82,"column":40},"end":{"line":82,"column":null}}],"line":82}},"s":{"0":31,"1":31,"2":31,"3":31,"4":31,"5":31,"6":31,"7":6,"8":6,"9":6,"10":6,"11":6,"12":5,"13":5,"14":2,"15":2,"16":2,"17":3,"18":6,"19":1,"20":6,"21":31,"22":6,"23":6},"f":{"0":31,"1":6,"2":6,"3":6},"b":{"0":[2,3],"1":[2,1],"2":[3,2,1],"3":[31,3],"4":[6,25]},"meta":{"lastBranch":5,"lastFunction":4,"lastStatement":24,"seen":{"f:6:24:6:32":0,"s:7:8:7:Infinity":0,"s:8:16:8:Infinity":1,"s:10:24:10:Infinity":2,"s:11:30:11:Infinity":3,"s:12:24:12:Infinity":4,"s:13:28:13:Infinity":5,"s:15:17:49:Infinity":6,"f:15:17:15:24":1,"s:16:4:16:Infinity":7,"s:17:4:17:Infinity":8,"s:18:4:18:Infinity":9,"s:20:4:48:Infinity":10,"s:21:18:25:Infinity":11,"s:26:19:26:Infinity":12,"b:28:6:32:Infinity:undefined:undefined:undefined:undefined":0,"s:28:6:32:Infinity":13,"s:29:8:29:Infinity":14,"b:29:17:29:32:29:32:29:56":1,"s:30:8:30:Infinity":15,"s:31:8:31:Infinity":16,"s:34:6:42:Infinity":17,"b:39:26:39:47:39:47:39:66:39:66:39:67":2,"s:43:6:43:Infinity":18,"s:45:6:45:Infinity":19,"s:47:6:47:Infinity":20,"s:51:2:90:Infinity":21,"f:63:24:63:25":2,"s:63:31:63:Infinity":22,"f:74:24:74:25":3,"s:74:31:74:Infinity":23,"b:79:11:79:20:79:20:79:Infinity":3,"b:82:23:82:40:82:40:82:Infinity":4}}}
,"C:\\depots\\Automne 2025\\Developpement Application\\projet_final_devApp\\SPL\\src\\Signup.css": {"path":"C:\\depots\\Automne 2025\\Developpement Application\\projet_final_devApp\\SPL\\src\\Signup.css","statementMap":{},"fnMap":{},"branchMap":{},"s":{},"f":{},"b":{},"meta":{"lastBranch":0,"lastFunction":0,"lastStatement":0,"seen":{}}}
,"C:\\depots\\Automne 2025\\Developpement Application\\projet_final_devApp\\SPL\\src\\Signup.tsx": {"path":"C:\\depots\\Automne 2025\\Developpement Application\\projet_final_devApp\\SPL\\src\\Signup.tsx","statementMap":{"0":{"start":{"line":6,"column":8},"end":{"line":6,"column":null}},"1":{"start":{"line":7,"column":16},"end":{"line":7,"column":null}},"2":{"start":{"line":9,"column":30},"end":{"line":9,"column":null}},"3":{"start":{"line":10,"column":24},"end":{"line":10,"column":null}},"4":{"start":{"line":11,"column":30},"end":{"line":11,"column":null}},"5":{"start":{"line":12,"column":24},"end":{"line":12,"column":null}},"6":{"start":{"line":13,"column":28},"end":{"line":13,"column":null}},"7":{"start":{"line":15,"column":17},"end":{"line":42,"column":null}},"8":{"start":{"line":16,"column":4},"end":{"line":16,"column":null}},"9":{"start":{"line":17,"column":4},"end":{"line":17,"column":null}},"10":{"start":{"line":18,"column":4},"end":{"line":18,"column":null}},"11":{"start":{"line":20,"column":4},"end":{"line":41,"column":null}},"12":{"start":{"line":21,"column":18},"end":{"line":25,"column":null}},"13":{"start":{"line":27,"column":19},"end":{"line":27,"column":null}},"14":{"start":{"line":29,"column":6},"end":{"line":33,"column":null}},"15":{"start":{"line":30,"column":8},"end":{"line":30,"column":null}},"16":{"start":{"line":31,"column":8},"end":{"line":31,"column":null}},"17":{"start":{"line":32,"column":8},"end":{"line":32,"column":null}},"18":{"start":{"line":35,"column":6},"end":{"line":35,"column":null}},"19":{"start":{"line":36,"column":6},"end":{"line":36,"column":null}},"20":{"start":{"line":38,"column":6},"end":{"line":38,"column":null}},"21":{"start":{"line":40,"column":6},"end":{"line":40,"column":null}},"22":{"start":{"line":44,"column":2},"end":{"line":95,"column":null}},"23":{"start":{"line":56,"column":31},"end":{"line":56,"column":null}},"24":{"start":{"line":67,"column":31},"end":{"line":67,"column":null}},"25":{"start":{"line":79,"column":31},"end":{"line":79,"column":null}}},"fnMap":{"0":{"name":"Signup","decl":{"start":{"line":5,"column":24},"end":{"line":5,"column":33}},"loc":{"start":{"line":5,"column":33},"end":{"line":97,"column":null}},"line":5},"1":{"name":"(anonymous_1)","decl":{"start":{"line":15,"column":17},"end":{"line":15,"column":24}},"loc":{"start":{"line":15,"column":47},"end":{"line":42,"column":null}},"line":15},"2":{"name":"(anonymous_2)","decl":{"start":{"line":56,"column":24},"end":{"line":56,"column":25}},"loc":{"start":{"line":56,"column":31},"end":{"line":56,"column":null}},"line":56},"3":{"name":"(anonymous_3)","decl":{"start":{"line":67,"column":24},"end":{"line":67,"column":25}},"loc":{"start":{"line":67,"column":31},"end":{"line":67,"column":null}},"line":67},"4":{"name":"(anonymous_4)","decl":{"start":{"line":79,"column":24},"end":{"line":79,"column":25}},"loc":{"start":{"line":79,"column":31},"end":{"line":79,"column":null}},"line":79}},"branchMap":{"0":{"loc":{"start":{"line":29,"column":6},"end":{"line":33,"column":null}},"type":"if","locations":[{"start":{"line":29,"column":6},"end":{"line":33,"column":null}},{"start":{},"end":{}}],"line":29},"1":{"loc":{"start":{"line":30,"column":17},"end":{"line":30,"column":63}},"type":"binary-expr","locations":[{"start":{"line":30,"column":17},"end":{"line":30,"column":32}},{"start":{"line":30,"column":32},"end":{"line":30,"column":63}}],"line":30},"2":{"loc":{"start":{"line":84,"column":11},"end":{"line":84,"column":null}},"type":"binary-expr","locations":[{"start":{"line":84,"column":11},"end":{"line":84,"column":20}},{"start":{"line":84,"column":20},"end":{"line":84,"column":null}}],"line":84},"3":{"loc":{"start":{"line":87,"column":13},"end":{"line":87,"column":null}},"type":"cond-expr","locations":[{"start":{"line":87,"column":23},"end":{"line":87,"column":39}},{"start":{"line":87,"column":39},"end":{"line":87,"column":null}}],"line":87}},"s":{"0":29,"1":29,"2":29,"3":29,"4":29,"5":29,"6":29,"7":29,"8":4,"9":4,"10":4,"11":4,"12":4,"13":3,"14":3,"15":2,"16":2,"17":2,"18":1,"19":1,"20":1,"21":4,"22":29,"23":5,"24":5,"25":5},"f":{"0":29,"1":4,"2":5,"3":5,"4":5},"b":{"0":[2,1],"1":[2,1],"2":[29,3],"3":[4,25]},"meta":{"lastBranch":4,"lastFunction":5,"lastStatement":26,"seen":{"f:5:24:5:33":0,"s:6:8:6:Infinity":0,"s:7:16:7:Infinity":1,"s:9:30:9:Infinity":2,"s:10:24:10:Infinity":3,"s:11:30:11:Infinity":4,"s:12:24:12:Infinity":5,"s:13:28:13:Infinity":6,"s:15:17:42:Infinity":7,"f:15:17:15:24":1,"s:16:4:16:Infinity":8,"s:17:4:17:Infinity":9,"s:18:4:18:Infinity":10,"s:20:4:41:Infinity":11,"s:21:18:25:Infinity":12,"s:27:19:27:Infinity":13,"b:29:6:33:Infinity:undefined:undefined:undefined:undefined":0,"s:29:6:33:Infinity":14,"s:30:8:30:Infinity":15,"b:30:17:30:32:30:32:30:63":1,"s:31:8:31:Infinity":16,"s:32:8:32:Infinity":17,"s:35:6:35:Infinity":18,"s:36:6:36:Infinity":19,"s:38:6:38:Infinity":20,"s:40:6:40:Infinity":21,"s:44:2:95:Infinity":22,"f:56:24:56:25":2,"s:56:31:56:Infinity":23,"f:67:24:67:25":3,"s:67:31:67:Infinity":24,"f:79:24:79:25":4,"s:79:31:79:Infinity":25,"b:84:11:84:20:84:20:84:Infinity":2,"b:87:23:87:39:87:39:87:Infinity":3}}}
}
