{"C:\\depots\\Automne 2025\\Developpement Application\\projet_final_devApp\\backend\\src\\controllers\\buildController.js": {"path":"C:\\depots\\Automne 2025\\Developpement Application\\projet_final_devApp\\backend\\src\\controllers\\buildController.js","statementMap":{"0":{"start":{"line":7,"column":15},"end":{"line":7,"column":33}},"1":{"start":{"line":8,"column":18},"end":{"line":8,"column":49}},"2":{"start":{"line":9,"column":18},"end":{"line":9,"column":42}},"3":{"start":{"line":12,"column":19},"end":{"line":12,"column":62}},"4":{"start":{"line":13,"column":0},"end":{"line":13,"column":78}},"5":{"start":{"line":13,"column":32},"end":{"line":13,"column":78}},"6":{"start":{"line":16,"column":16},"end":{"line":24,"column":2}},"7":{"start":{"line":18,"column":4},"end":{"line":18,"column":25}},"8":{"start":{"line":21,"column":19},"end":{"line":21,"column":69}},"9":{"start":{"line":22,"column":4},"end":{"line":22,"column":55}},"10":{"start":{"line":25,"column":14},"end":{"line":30,"column":2}},"11":{"start":{"line":31,"column":25},"end":{"line":31,"column":46}},"12":{"start":{"line":33,"column":20},"end":{"line":37,"column":1}},"13":{"start":{"line":34,"column":2},"end":{"line":34,"column":45}},"14":{"start":{"line":34,"column":33},"end":{"line":34,"column":45}},"15":{"start":{"line":35,"column":18},"end":{"line":35,"column":30}},"16":{"start":{"line":36,"column":2},"end":{"line":36,"column":45}},"17":{"start":{"line":39,"column":30},"end":{"line":57,"column":1}},"18":{"start":{"line":40,"column":22},"end":{"line":40,"column":71}},"19":{"start":{"line":42,"column":2},"end":{"line":44,"column":3}},"20":{"start":{"line":43,"column":4},"end":{"line":43,"column":18}},"21":{"start":{"line":46,"column":2},"end":{"line":56,"column":5}},"22":{"start":{"line":47,"column":4},"end":{"line":47,"column":28}},"23":{"start":{"line":47,"column":14},"end":{"line":47,"column":28}},"24":{"start":{"line":49,"column":4},"end":{"line":53,"column":5}},"25":{"start":{"line":50,"column":6},"end":{"line":52,"column":70}},"26":{"start":{"line":55,"column":4},"end":{"line":55,"column":75}},"27":{"start":{"line":60,"column":25},"end":{"line":70,"column":1}},"28":{"start":{"line":61,"column":2},"end":{"line":69,"column":3}},"29":{"start":{"line":62,"column":19},"end":{"line":64,"column":6}},"30":{"start":{"line":65,"column":4},"end":{"line":65,"column":21}},"31":{"start":{"line":67,"column":4},"end":{"line":67,"column":43}},"32":{"start":{"line":68,"column":4},"end":{"line":68,"column":66}},"33":{"start":{"line":72,"column":28},"end":{"line":82,"column":1}},"34":{"start":{"line":73,"column":2},"end":{"line":81,"column":3}},"35":{"start":{"line":74,"column":15},"end":{"line":74,"column":36}},"36":{"start":{"line":75,"column":18},"end":{"line":75,"column":67}},"37":{"start":{"line":76,"column":4},"end":{"line":76,"column":75}},"38":{"start":{"line":76,"column":16},"end":{"line":76,"column":75}},"39":{"start":{"line":77,"column":4},"end":{"line":77,"column":20}},"40":{"start":{"line":79,"column":4},"end":{"line":79,"column":46}},"41":{"start":{"line":80,"column":4},"end":{"line":80,"column":65}},"42":{"start":{"line":84,"column":27},"end":{"line":158,"column":1}},"43":{"start":{"line":85,"column":2},"end":{"line":157,"column":3}},"44":{"start":{"line":86,"column":17},"end":{"line":86,"column":31}},"45":{"start":{"line":87,"column":16},"end":{"line":87,"column":43}},"46":{"start":{"line":88,"column":24},"end":{"line":88,"column":53}},"47":{"start":{"line":89,"column":20},"end":{"line":89,"column":45}},"48":{"start":{"line":90,"column":19},"end":{"line":90,"column":43}},"49":{"start":{"line":91,"column":25},"end":{"line":91,"column":55}},"50":{"start":{"line":92,"column":17},"end":{"line":92,"column":25}},"51":{"start":{"line":94,"column":4},"end":{"line":96,"column":5}},"52":{"start":{"line":95,"column":6},"end":{"line":95,"column":75}},"53":{"start":{"line":98,"column":4},"end":{"line":102,"column":5}},"54":{"start":{"line":99,"column":6},"end":{"line":101,"column":76}},"55":{"start":{"line":104,"column":24},"end":{"line":140,"column":5}},"56":{"start":{"line":105,"column":27},"end":{"line":113,"column":8}},"57":{"start":{"line":115,"column":6},"end":{"line":117,"column":7}},"58":{"start":{"line":116,"column":8},"end":{"line":116,"column":52}},"59":{"start":{"line":119,"column":27},"end":{"line":129,"column":8}},"60":{"start":{"line":131,"column":27},"end":{"line":137,"column":8}},"61":{"start":{"line":139,"column":6},"end":{"line":139,"column":58}},"62":{"start":{"line":142,"column":30},"end":{"line":147,"column":5}},"63":{"start":{"line":143,"column":6},"end":{"line":145,"column":7}},"64":{"start":{"line":144,"column":8},"end":{"line":144,"column":57}},"65":{"start":{"line":144,"column":43},"end":{"line":144,"column":55}},"66":{"start":{"line":146,"column":6},"end":{"line":146,"column":30}},"67":{"start":{"line":149,"column":29},"end":{"line":149,"column":65}},"68":{"start":{"line":151,"column":20},"end":{"line":151,"column":65}},"69":{"start":{"line":153,"column":4},"end":{"line":153,"column":34}},"70":{"start":{"line":155,"column":4},"end":{"line":155,"column":45}},"71":{"start":{"line":156,"column":4},"end":{"line":156,"column":61}},"72":{"start":{"line":160,"column":27},"end":{"line":173,"column":1}},"73":{"start":{"line":161,"column":2},"end":{"line":172,"column":3}},"74":{"start":{"line":162,"column":15},"end":{"line":162,"column":36}},"75":{"start":{"line":163,"column":64},"end":{"line":163,"column":72}},"76":{"start":{"line":164,"column":20},"end":{"line":167,"column":6}},"77":{"start":{"line":168,"column":4},"end":{"line":168,"column":22}},"78":{"start":{"line":170,"column":4},"end":{"line":170,"column":45}},"79":{"start":{"line":171,"column":4},"end":{"line":171,"column":64}},"80":{"start":{"line":175,"column":27},"end":{"line":185,"column":1}},"81":{"start":{"line":176,"column":2},"end":{"line":184,"column":3}},"82":{"start":{"line":177,"column":15},"end":{"line":177,"column":36}},"83":{"start":{"line":178,"column":4},"end":{"line":178,"column":62}},"84":{"start":{"line":179,"column":4},"end":{"line":179,"column":50}},"85":{"start":{"line":180,"column":4},"end":{"line":180,"column":56}},"86":{"start":{"line":182,"column":4},"end":{"line":182,"column":45}},"87":{"start":{"line":183,"column":4},"end":{"line":183,"column":64}},"88":{"start":{"line":188,"column":26},"end":{"line":231,"column":1}},"89":{"start":{"line":191,"column":4},"end":{"line":229,"column":5}},"90":{"start":{"line":192,"column":17},"end":{"line":192,"column":38}},"91":{"start":{"line":193,"column":26},"end":{"line":193,"column":34}},"92":{"start":{"line":194,"column":19},"end":{"line":194,"column":27}},"93":{"start":{"line":196,"column":6},"end":{"line":196,"column":80}},"94":{"start":{"line":196,"column":20},"end":{"line":196,"column":80}},"95":{"start":{"line":197,"column":6},"end":{"line":197,"column":76}},"96":{"start":{"line":197,"column":17},"end":{"line":197,"column":76}},"97":{"start":{"line":199,"column":20},"end":{"line":199,"column":69}},"98":{"start":{"line":200,"column":6},"end":{"line":200,"column":77}},"99":{"start":{"line":200,"column":18},"end":{"line":200,"column":77}},"100":{"start":{"line":203,"column":22},"end":{"line":206,"column":8}},"101":{"start":{"line":209,"column":20},"end":{"line":218,"column":8}},"102":{"start":{"line":220,"column":6},"end":{"line":225,"column":9}},"103":{"start":{"line":227,"column":6},"end":{"line":227,"column":46}},"104":{"start":{"line":228,"column":6},"end":{"line":228,"column":78}}},"fnMap":{"0":{"name":"(anonymous_0)","decl":{"start":{"line":17,"column":2},"end":{"line":17,"column":13}},"loc":{"start":{"line":17,"column":40},"end":{"line":19,"column":3}},"line":17},"1":{"name":"(anonymous_1)","decl":{"start":{"line":20,"column":2},"end":{"line":20,"column":10}},"loc":{"start":{"line":20,"column":37},"end":{"line":23,"column":3}},"line":20},"2":{"name":"(anonymous_2)","decl":{"start":{"line":33,"column":20},"end":{"line":33,"column":21}},"loc":{"start":{"line":33,"column":31},"end":{"line":37,"column":1}},"line":33},"3":{"name":"(anonymous_3)","decl":{"start":{"line":39,"column":30},"end":{"line":39,"column":31}},"loc":{"start":{"line":39,"column":50},"end":{"line":57,"column":1}},"line":39},"4":{"name":"(anonymous_4)","decl":{"start":{"line":46,"column":29},"end":{"line":46,"column":30}},"loc":{"start":{"line":46,"column":38},"end":{"line":56,"column":3}},"line":46},"5":{"name":"(anonymous_5)","decl":{"start":{"line":60,"column":25},"end":{"line":60,"column":30}},"loc":{"start":{"line":60,"column":45},"end":{"line":70,"column":1}},"line":60},"6":{"name":"(anonymous_6)","decl":{"start":{"line":72,"column":28},"end":{"line":72,"column":33}},"loc":{"start":{"line":72,"column":48},"end":{"line":82,"column":1}},"line":72},"7":{"name":"(anonymous_7)","decl":{"start":{"line":84,"column":27},"end":{"line":84,"column":32}},"loc":{"start":{"line":84,"column":47},"end":{"line":158,"column":1}},"line":84},"8":{"name":"(anonymous_8)","decl":{"start":{"line":104,"column":24},"end":{"line":104,"column":29}},"loc":{"start":{"line":104,"column":42},"end":{"line":140,"column":5}},"line":104},"9":{"name":"(anonymous_9)","decl":{"start":{"line":142,"column":30},"end":{"line":142,"column":35}},"loc":{"start":{"line":142,"column":50},"end":{"line":147,"column":5}},"line":142},"10":{"name":"(anonymous_10)","decl":{"start":{"line":144,"column":35},"end":{"line":144,"column":36}},"loc":{"start":{"line":144,"column":43},"end":{"line":144,"column":55}},"line":144},"11":{"name":"(anonymous_11)","decl":{"start":{"line":160,"column":27},"end":{"line":160,"column":32}},"loc":{"start":{"line":160,"column":47},"end":{"line":173,"column":1}},"line":160},"12":{"name":"(anonymous_12)","decl":{"start":{"line":175,"column":27},"end":{"line":175,"column":32}},"loc":{"start":{"line":175,"column":47},"end":{"line":185,"column":1}},"line":175},"13":{"name":"(anonymous_13)","decl":{"start":{"line":190,"column":2},"end":{"line":190,"column":7}},"loc":{"start":{"line":190,"column":22},"end":{"line":230,"column":3}},"line":190}},"branchMap":{"0":{"loc":{"start":{"line":13,"column":0},"end":{"line":13,"column":78}},"type":"if","locations":[{"start":{"line":13,"column":0},"end":{"line":13,"column":78}},{"start":{},"end":{}}],"line":13},"1":{"loc":{"start":{"line":34,"column":2},"end":{"line":34,"column":45}},"type":"if","locations":[{"start":{"line":34,"column":2},"end":{"line":34,"column":45}},{"start":{},"end":{}}],"line":34},"2":{"loc":{"start":{"line":36,"column":9},"end":{"line":36,"column":44}},"type":"cond-expr","locations":[{"start":{"line":36,"column":30},"end":{"line":36,"column":37}},{"start":{"line":36,"column":40},"end":{"line":36,"column":44}}],"line":36},"3":{"loc":{"start":{"line":40,"column":23},"end":{"line":40,"column":56}},"type":"binary-expr","locations":[{"start":{"line":40,"column":23},"end":{"line":40,"column":50}},{"start":{"line":40,"column":54},"end":{"line":40,"column":56}}],"line":40},"4":{"loc":{"start":{"line":42,"column":2},"end":{"line":44,"column":3}},"type":"if","locations":[{"start":{"line":42,"column":2},"end":{"line":44,"column":3}},{"start":{},"end":{}}],"line":42},"5":{"loc":{"start":{"line":47,"column":4},"end":{"line":47,"column":28}},"type":"if","locations":[{"start":{"line":47,"column":4},"end":{"line":47,"column":28}},{"start":{},"end":{}}],"line":47},"6":{"loc":{"start":{"line":49,"column":4},"end":{"line":53,"column":5}},"type":"if","locations":[{"start":{"line":49,"column":4},"end":{"line":53,"column":5}},{"start":{},"end":{}}],"line":49},"7":{"loc":{"start":{"line":49,"column":8},"end":{"line":49,"column":75}},"type":"binary-expr","locations":[{"start":{"line":49,"column":8},"end":{"line":49,"column":41}},{"start":{"line":49,"column":45},"end":{"line":49,"column":75}}],"line":49},"8":{"loc":{"start":{"line":55,"column":41},"end":{"line":55,"column":71}},"type":"binary-expr","locations":[{"start":{"line":55,"column":41},"end":{"line":55,"column":52}},{"start":{"line":55,"column":56},"end":{"line":55,"column":71}}],"line":55},"9":{"loc":{"start":{"line":76,"column":4},"end":{"line":76,"column":75}},"type":"if","locations":[{"start":{"line":76,"column":4},"end":{"line":76,"column":75}},{"start":{},"end":{}}],"line":76},"10":{"loc":{"start":{"line":86,"column":17},"end":{"line":86,"column":31}},"type":"binary-expr","locations":[{"start":{"line":86,"column":17},"end":{"line":86,"column":25}},{"start":{"line":86,"column":29},"end":{"line":86,"column":31}}],"line":86},"11":{"loc":{"start":{"line":87,"column":16},"end":{"line":87,"column":43}},"type":"binary-expr","locations":[{"start":{"line":87,"column":16},"end":{"line":87,"column":37}},{"start":{"line":87,"column":41},"end":{"line":87,"column":43}}],"line":87},"12":{"loc":{"start":{"line":94,"column":4},"end":{"line":96,"column":5}},"type":"if","locations":[{"start":{"line":94,"column":4},"end":{"line":96,"column":5}},{"start":{},"end":{}}],"line":94},"13":{"loc":{"start":{"line":98,"column":4},"end":{"line":102,"column":5}},"type":"if","locations":[{"start":{"line":98,"column":4},"end":{"line":102,"column":5}},{"start":{},"end":{}}],"line":98},"14":{"loc":{"start":{"line":98,"column":8},"end":{"line":98,"column":24}},"type":"binary-expr","locations":[{"start":{"line":98,"column":8},"end":{"line":98,"column":12}},{"start":{"line":98,"column":16},"end":{"line":98,"column":24}}],"line":98},"15":{"loc":{"start":{"line":115,"column":6},"end":{"line":117,"column":7}},"type":"if","locations":[{"start":{"line":115,"column":6},"end":{"line":117,"column":7}},{"start":{},"end":{}}],"line":115},"16":{"loc":{"start":{"line":143,"column":6},"end":{"line":145,"column":7}},"type":"if","locations":[{"start":{"line":143,"column":6},"end":{"line":145,"column":7}},{"start":{},"end":{}}],"line":143},"17":{"loc":{"start":{"line":151,"column":20},"end":{"line":151,"column":65}},"type":"cond-expr","locations":[{"start":{"line":151,"column":28},"end":{"line":151,"column":57}},{"start":{"line":151,"column":60},"end":{"line":151,"column":65}}],"line":151},"18":{"loc":{"start":{"line":196,"column":6},"end":{"line":196,"column":80}},"type":"if","locations":[{"start":{"line":196,"column":6},"end":{"line":196,"column":80}},{"start":{},"end":{}}],"line":196},"19":{"loc":{"start":{"line":197,"column":6},"end":{"line":197,"column":76}},"type":"if","locations":[{"start":{"line":197,"column":6},"end":{"line":197,"column":76}},{"start":{},"end":{}}],"line":197},"20":{"loc":{"start":{"line":200,"column":6},"end":{"line":200,"column":77}},"type":"if","locations":[{"start":{"line":200,"column":6},"end":{"line":200,"column":77}},{"start":{},"end":{}}],"line":200}},"s":{"0":1,"1":1,"2":1,"3":1,"4":1,"5":0,"6":1,"7":0,"8":0,"9":0,"10":1,"11":1,"12":1,"13":25,"14":18,"15":7,"16":7,"17":1,"18":0,"19":0,"20":0,"21":0,"22":0,"23":0,"24":0,"25":0,"26":0,"27":1,"28":1,"29":1,"30":1,"31":0,"32":0,"33":1,"34":2,"35":2,"36":2,"37":2,"38":1,"39":1,"40":0,"41":0,"42":1,"43":5,"44":5,"45":5,"46":5,"47":5,"48":5,"49":5,"50":5,"51":5,"52":1,"53":4,"54":1,"55":3,"56":3,"57":3,"58":2,"59":1,"60":1,"61":1,"62":3,"63":3,"64":1,"65":1,"66":2,"67":3,"68":3,"69":5,"70":0,"71":0,"72":1,"73":1,"74":1,"75":1,"76":1,"77":1,"78":0,"79":0,"80":1,"81":1,"82":1,"83":1,"84":1,"85":1,"86":0,"87":0,"88":1,"89":4,"90":4,"91":4,"92":4,"93":4,"94":1,"95":3,"96":3,"97":2,"98":2,"99":2,"100":1,"101":1,"102":1,"103":0,"104":0},"f":{"0":1,"1":1,"2":25,"3":0,"4":0,"5":1,"6":2,"7":5,"8":3,"9":3,"10":1,"11":1,"12":1,"13":4},"b":{"0":[0,1],"1":[18,7],"2":[7,0],"3":[0,0],"4":[0,0],"5":[0,0],"6":[0,0],"7":[0,0],"8":[0,0],"9":[1,1],"10":[5,0],"11":[5,1],"12":[1,4],"13":[1,3],"14":[4,2],"15":[2,1],"16":[1,2],"17":[1,2],"18":[1,3],"19":[1,2],"20":[1,1]},"meta":{"lastBranch":21,"lastFunction":14,"lastStatement":105,"seen":{"s:7:15:7:33":0,"s:8:18:8:49":1,"s:9:18:9:42":2,"s:12:19:12:62":3,"b:13:0:13:78:undefined:undefined:undefined:undefined":0,"s:13:0:13:78":4,"s:13:32:13:78":5,"s:16:16:24:2":6,"f:17:2:17:13":0,"s:18:4:18:25":7,"f:20:2:20:10":1,"s:21:19:21:69":8,"s:22:4:22:55":9,"s:25:14:30:2":10,"s:31:25:31:46":11,"s:33:20:37:1":12,"f:33:20:33:21":2,"b:34:2:34:45:undefined:undefined:undefined:undefined":1,"s:34:2:34:45":13,"s:34:33:34:45":14,"s:35:18:35:30":15,"s:36:2:36:45":16,"b:36:30:36:37:36:40:36:44":2,"s:39:30:57:1":17,"f:39:30:39:31":3,"s:40:22:40:71":18,"b:40:23:40:50:40:54:40:56":3,"b:42:2:44:3:undefined:undefined:undefined:undefined":4,"s:42:2:44:3":19,"s:43:4:43:18":20,"s:46:2:56:5":21,"f:46:29:46:30":4,"b:47:4:47:28:undefined:undefined:undefined:undefined":5,"s:47:4:47:28":22,"s:47:14:47:28":23,"b:49:4:53:5:undefined:undefined:undefined:undefined":6,"s:49:4:53:5":24,"b:49:8:49:41:49:45:49:75":7,"s:50:6:52:70":25,"s:55:4:55:75":26,"b:55:41:55:52:55:56:55:71":8,"s:60:25:70:1":27,"f:60:25:60:30":5,"s:61:2:69:3":28,"s:62:19:64:6":29,"s:65:4:65:21":30,"s:67:4:67:43":31,"s:68:4:68:66":32,"s:72:28:82:1":33,"f:72:28:72:33":6,"s:73:2:81:3":34,"s:74:15:74:36":35,"s:75:18:75:67":36,"b:76:4:76:75:undefined:undefined:undefined:undefined":9,"s:76:4:76:75":37,"s:76:16:76:75":38,"s:77:4:77:20":39,"s:79:4:79:46":40,"s:80:4:80:65":41,"s:84:27:158:1":42,"f:84:27:84:32":7,"s:85:2:157:3":43,"s:86:17:86:31":44,"b:86:17:86:25:86:29:86:31":10,"s:87:16:87:43":45,"b:87:16:87:37:87:41:87:43":11,"s:88:24:88:53":46,"s:89:20:89:45":47,"s:90:19:90:43":48,"s:91:25:91:55":49,"s:92:17:92:25":50,"b:94:4:96:5:undefined:undefined:undefined:undefined":12,"s:94:4:96:5":51,"s:95:6:95:75":52,"b:98:4:102:5:undefined:undefined:undefined:undefined":13,"s:98:4:102:5":53,"b:98:8:98:12:98:16:98:24":14,"s:99:6:101:76":54,"s:104:24:140:5":55,"f:104:24:104:29":8,"s:105:27:113:8":56,"b:115:6:117:7:undefined:undefined:undefined:undefined":15,"s:115:6:117:7":57,"s:116:8:116:52":58,"s:119:27:129:8":59,"s:131:27:137:8":60,"s:139:6:139:58":61,"s:142:30:147:5":62,"f:142:30:142:35":9,"b:143:6:145:7:undefined:undefined:undefined:undefined":16,"s:143:6:145:7":63,"s:144:8:144:57":64,"f:144:35:144:36":10,"s:144:43:144:55":65,"s:146:6:146:30":66,"s:149:29:149:65":67,"s:151:20:151:65":68,"b:151:28:151:57:151:60:151:65":17,"s:153:4:153:34":69,"s:155:4:155:45":70,"s:156:4:156:61":71,"s:160:27:173:1":72,"f:160:27:160:32":11,"s:161:2:172:3":73,"s:162:15:162:36":74,"s:163:64:163:72":75,"s:164:20:167:6":76,"s:168:4:168:22":77,"s:170:4:170:45":78,"s:171:4:171:64":79,"s:175:27:185:1":80,"f:175:27:175:32":12,"s:176:2:184:3":81,"s:177:15:177:36":82,"s:178:4:178:62":83,"s:179:4:179:50":84,"s:180:4:180:56":85,"s:182:4:182:45":86,"s:183:4:183:64":87,"s:188:26:231:1":88,"f:190:2:190:7":13,"s:191:4:229:5":89,"s:192:17:192:38":90,"s:193:26:193:34":91,"s:194:19:194:27":92,"b:196:6:196:80:undefined:undefined:undefined:undefined":18,"s:196:6:196:80":93,"s:196:20:196:80":94,"b:197:6:197:76:undefined:undefined:undefined:undefined":19,"s:197:6:197:76":95,"s:197:17:197:76":96,"s:199:20:199:69":97,"b:200:6:200:77:undefined:undefined:undefined:undefined":20,"s:200:6:200:77":98,"s:200:18:200:77":99,"s:203:22:206:8":100,"s:209:20:218:8":101,"s:220:6:225:9":102,"s:227:6:227:46":103,"s:228:6:228:78":104}}}
,"C:\\depots\\Automne 2025\\Developpement Application\\projet_final_devApp\\backend\\src\\controllers\\userController.js": {"path":"C:\\depots\\Automne 2025\\Developpement Application\\projet_final_devApp\\backend\\src\\controllers\\userController.js","statementMap":{"0":{"start":{"line":6,"column":15},"end":{"line":6,"column":33}},"1":{"start":{"line":8,"column":27},"end":{"line":18,"column":1}},"2":{"start":{"line":9,"column":2},"end":{"line":17,"column":3}},"3":{"start":{"line":10,"column":18},"end":{"line":12,"column":6}},"4":{"start":{"line":13,"column":4},"end":{"line":13,"column":20}},"5":{"start":{"line":15,"column":4},"end":{"line":15,"column":41}},"6":{"start":{"line":16,"column":4},"end":{"line":16,"column":80}},"7":{"start":{"line":20,"column":27},"end":{"line":33,"column":1}},"8":{"start":{"line":21,"column":17},"end":{"line":21,"column":27}},"9":{"start":{"line":22,"column":2},"end":{"line":32,"column":3}},"10":{"start":{"line":23,"column":17},"end":{"line":26,"column":6}},"11":{"start":{"line":27,"column":4},"end":{"line":27,"column":80}},"12":{"start":{"line":27,"column":15},"end":{"line":27,"column":80}},"13":{"start":{"line":28,"column":4},"end":{"line":28,"column":19}},"14":{"start":{"line":30,"column":4},"end":{"line":30,"column":41}},"15":{"start":{"line":31,"column":4},"end":{"line":31,"column":77}},"16":{"start":{"line":35,"column":26},"end":{"line":56,"column":1}},"17":{"start":{"line":36,"column":47},"end":{"line":36,"column":55}},"18":{"start":{"line":37,"column":2},"end":{"line":55,"column":3}},"19":{"start":{"line":38,"column":19},"end":{"line":38,"column":69}},"20":{"start":{"line":39,"column":4},"end":{"line":39,"column":77}},"21":{"start":{"line":39,"column":16},"end":{"line":39,"column":77}},"22":{"start":{"line":41,"column":19},"end":{"line":41,"column":50}},"23":{"start":{"line":42,"column":17},"end":{"line":49,"column":6}},"24":{"start":{"line":50,"column":39},"end":{"line":50,"column":43}},"25":{"start":{"line":51,"column":4},"end":{"line":51,"column":31}},"26":{"start":{"line":53,"column":4},"end":{"line":53,"column":40}},"27":{"start":{"line":54,"column":4},"end":{"line":54,"column":73}},"28":{"start":{"line":58,"column":26},"end":{"line":76,"column":1}},"29":{"start":{"line":59,"column":17},"end":{"line":59,"column":27}},"30":{"start":{"line":60,"column":37},"end":{"line":60,"column":45}},"31":{"start":{"line":61,"column":2},"end":{"line":75,"column":3}},"32":{"start":{"line":62,"column":20},"end":{"line":69,"column":6}},"33":{"start":{"line":70,"column":34},"end":{"line":70,"column":41}},"34":{"start":{"line":71,"column":4},"end":{"line":71,"column":19}},"35":{"start":{"line":73,"column":4},"end":{"line":73,"column":40}},"36":{"start":{"line":74,"column":4},"end":{"line":74,"column":76}},"37":{"start":{"line":78,"column":26},"end":{"line":87,"column":1}},"38":{"start":{"line":79,"column":17},"end":{"line":79,"column":27}},"39":{"start":{"line":80,"column":2},"end":{"line":86,"column":3}},"40":{"start":{"line":81,"column":4},"end":{"line":81,"column":60}},"41":{"start":{"line":82,"column":4},"end":{"line":82,"column":62}},"42":{"start":{"line":84,"column":4},"end":{"line":84,"column":40}},"43":{"start":{"line":85,"column":4},"end":{"line":85,"column":77}},"44":{"start":{"line":91,"column":28},"end":{"line":116,"column":1}},"45":{"start":{"line":92,"column":40},"end":{"line":92,"column":48}},"46":{"start":{"line":93,"column":2},"end":{"line":115,"column":3}},"47":{"start":{"line":94,"column":25},"end":{"line":94,"column":75}},"48":{"start":{"line":95,"column":4},"end":{"line":96,"column":67}},"49":{"start":{"line":96,"column":6},"end":{"line":96,"column":67}},"50":{"start":{"line":98,"column":27},"end":{"line":98,"column":58}},"51":{"start":{"line":99,"column":20},"end":{"line":101,"column":6}},"52":{"start":{"line":105,"column":18},"end":{"line":108,"column":5}},"53":{"start":{"line":110,"column":39},"end":{"line":110,"column":46}},"54":{"start":{"line":111,"column":4},"end":{"line":111,"column":48}},"55":{"start":{"line":113,"column":4},"end":{"line":113,"column":42}},"56":{"start":{"line":114,"column":4},"end":{"line":114,"column":73}},"57":{"start":{"line":118,"column":25},"end":{"line":141,"column":1}},"58":{"start":{"line":119,"column":30},"end":{"line":119,"column":38}},"59":{"start":{"line":120,"column":2},"end":{"line":140,"column":3}},"60":{"start":{"line":121,"column":17},"end":{"line":121,"column":67}},"61":{"start":{"line":122,"column":4},"end":{"line":123,"column":80}},"62":{"start":{"line":123,"column":6},"end":{"line":123,"column":80}},"63":{"start":{"line":125,"column":20},"end":{"line":125,"column":65}},"64":{"start":{"line":126,"column":4},"end":{"line":127,"column":80}},"65":{"start":{"line":127,"column":6},"end":{"line":127,"column":80}},"66":{"start":{"line":130,"column":18},"end":{"line":133,"column":5}},"67":{"start":{"line":135,"column":39},"end":{"line":135,"column":43}},"68":{"start":{"line":136,"column":4},"end":{"line":136,"column":36}},"69":{"start":{"line":138,"column":4},"end":{"line":138,"column":39}},"70":{"start":{"line":139,"column":4},"end":{"line":139,"column":67}}},"fnMap":{"0":{"name":"(anonymous_0)","decl":{"start":{"line":8,"column":27},"end":{"line":8,"column":32}},"loc":{"start":{"line":8,"column":47},"end":{"line":18,"column":1}},"line":8},"1":{"name":"(anonymous_1)","decl":{"start":{"line":20,"column":27},"end":{"line":20,"column":32}},"loc":{"start":{"line":20,"column":47},"end":{"line":33,"column":1}},"line":20},"2":{"name":"(anonymous_2)","decl":{"start":{"line":35,"column":26},"end":{"line":35,"column":31}},"loc":{"start":{"line":35,"column":46},"end":{"line":56,"column":1}},"line":35},"3":{"name":"(anonymous_3)","decl":{"start":{"line":58,"column":26},"end":{"line":58,"column":31}},"loc":{"start":{"line":58,"column":46},"end":{"line":76,"column":1}},"line":58},"4":{"name":"(anonymous_4)","decl":{"start":{"line":78,"column":26},"end":{"line":78,"column":31}},"loc":{"start":{"line":78,"column":46},"end":{"line":87,"column":1}},"line":78},"5":{"name":"(anonymous_5)","decl":{"start":{"line":91,"column":28},"end":{"line":91,"column":33}},"loc":{"start":{"line":91,"column":48},"end":{"line":116,"column":1}},"line":91},"6":{"name":"(anonymous_6)","decl":{"start":{"line":118,"column":25},"end":{"line":118,"column":30}},"loc":{"start":{"line":118,"column":45},"end":{"line":141,"column":1}},"line":118}},"branchMap":{"0":{"loc":{"start":{"line":27,"column":4},"end":{"line":27,"column":80}},"type":"if","locations":[{"start":{"line":27,"column":4},"end":{"line":27,"column":80}},{"start":{},"end":{}}],"line":27},"1":{"loc":{"start":{"line":39,"column":4},"end":{"line":39,"column":77}},"type":"if","locations":[{"start":{"line":39,"column":4},"end":{"line":39,"column":77}},{"start":{},"end":{}}],"line":39},"2":{"loc":{"start":{"line":47,"column":15},"end":{"line":47,"column":54}},"type":"cond-expr","locations":[{"start":{"line":47,"column":37},"end":{"line":47,"column":50}},{"start":{"line":47,"column":53},"end":{"line":47,"column":54}}],"line":47},"3":{"loc":{"start":{"line":65,"column":12},"end":{"line":65,"column":54}},"type":"cond-expr","locations":[{"start":{"line":65,"column":37},"end":{"line":65,"column":49}},{"start":{"line":65,"column":52},"end":{"line":65,"column":54}}],"line":65},"4":{"loc":{"start":{"line":66,"column":12},"end":{"line":66,"column":48}},"type":"cond-expr","locations":[{"start":{"line":66,"column":34},"end":{"line":66,"column":43}},{"start":{"line":66,"column":46},"end":{"line":66,"column":48}}],"line":66},"5":{"loc":{"start":{"line":67,"column":12},"end":{"line":67,"column":63}},"type":"cond-expr","locations":[{"start":{"line":67,"column":34},"end":{"line":67,"column":58}},{"start":{"line":67,"column":61},"end":{"line":67,"column":63}}],"line":67},"6":{"loc":{"start":{"line":95,"column":4},"end":{"line":96,"column":67}},"type":"if","locations":[{"start":{"line":95,"column":4},"end":{"line":96,"column":67}},{"start":{},"end":{}}],"line":95},"7":{"loc":{"start":{"line":122,"column":4},"end":{"line":123,"column":80}},"type":"if","locations":[{"start":{"line":122,"column":4},"end":{"line":123,"column":80}},{"start":{},"end":{}}],"line":122},"8":{"loc":{"start":{"line":126,"column":4},"end":{"line":127,"column":80}},"type":"if","locations":[{"start":{"line":126,"column":4},"end":{"line":127,"column":80}},{"start":{},"end":{}}],"line":126}},"s":{"0":1,"1":1,"2":1,"3":1,"4":1,"5":0,"6":0,"7":1,"8":1,"9":1,"10":1,"11":1,"12":1,"13":0,"14":0,"15":0,"16":1,"17":2,"18":2,"19":2,"20":2,"21":1,"22":1,"23":1,"24":1,"25":1,"26":0,"27":0,"28":1,"29":2,"30":2,"31":2,"32":2,"33":2,"34":2,"35":0,"36":0,"37":1,"38":1,"39":1,"40":1,"41":1,"42":0,"43":0,"44":1,"45":2,"46":2,"47":2,"48":2,"49":1,"50":1,"51":1,"52":1,"53":1,"54":1,"55":0,"56":0,"57":1,"58":3,"59":3,"60":3,"61":3,"62":1,"63":2,"64":2,"65":2,"66":1,"67":1,"68":1,"69":0,"70":0},"f":{"0":1,"1":1,"2":2,"3":2,"4":1,"5":2,"6":3},"b":{"0":[1,0],"1":[1,1],"2":[0,1],"3":[1,1],"4":[1,1],"5":[1,1],"6":[1,1],"7":[1,2],"8":[1,1]},"meta":{"lastBranch":9,"lastFunction":7,"lastStatement":71,"seen":{"s:6:15:6:33":0,"s:8:27:18:1":1,"f:8:27:8:32":0,"s:9:2:17:3":2,"s:10:18:12:6":3,"s:13:4:13:20":4,"s:15:4:15:41":5,"s:16:4:16:80":6,"s:20:27:33:1":7,"f:20:27:20:32":1,"s:21:17:21:27":8,"s:22:2:32:3":9,"s:23:17:26:6":10,"b:27:4:27:80:undefined:undefined:undefined:undefined":0,"s:27:4:27:80":11,"s:27:15:27:80":12,"s:28:4:28:19":13,"s:30:4:30:41":14,"s:31:4:31:77":15,"s:35:26:56:1":16,"f:35:26:35:31":2,"s:36:47:36:55":17,"s:37:2:55:3":18,"s:38:19:38:69":19,"b:39:4:39:77:undefined:undefined:undefined:undefined":1,"s:39:4:39:77":20,"s:39:16:39:77":21,"s:41:19:41:50":22,"s:42:17:49:6":23,"b:47:37:47:50:47:53:47:54":2,"s:50:39:50:43":24,"s:51:4:51:31":25,"s:53:4:53:40":26,"s:54:4:54:73":27,"s:58:26:76:1":28,"f:58:26:58:31":3,"s:59:17:59:27":29,"s:60:37:60:45":30,"s:61:2:75:3":31,"s:62:20:69:6":32,"b:65:37:65:49:65:52:65:54":3,"b:66:34:66:43:66:46:66:48":4,"b:67:34:67:58:67:61:67:63":5,"s:70:34:70:41":33,"s:71:4:71:19":34,"s:73:4:73:40":35,"s:74:4:74:76":36,"s:78:26:87:1":37,"f:78:26:78:31":4,"s:79:17:79:27":38,"s:80:2:86:3":39,"s:81:4:81:60":40,"s:82:4:82:62":41,"s:84:4:84:40":42,"s:85:4:85:77":43,"s:91:28:116:1":44,"f:91:28:91:33":5,"s:92:40:92:48":45,"s:93:2:115:3":46,"s:94:25:94:75":47,"b:95:4:96:67:undefined:undefined:undefined:undefined":6,"s:95:4:96:67":48,"s:96:6:96:67":49,"s:98:27:98:58":50,"s:99:20:101:6":51,"s:105:18:108:5":52,"s:110:39:110:46":53,"s:111:4:111:48":54,"s:113:4:113:42":55,"s:114:4:114:73":56,"s:118:25:141:1":57,"f:118:25:118:30":6,"s:119:30:119:38":58,"s:120:2:140:3":59,"s:121:17:121:67":60,"b:122:4:123:80:undefined:undefined:undefined:undefined":7,"s:122:4:123:80":61,"s:123:6:123:80":62,"s:125:20:125:65":63,"b:126:4:127:80:undefined:undefined:undefined:undefined":8,"s:126:4:127:80":64,"s:127:6:127:80":65,"s:130:18:133:5":66,"s:135:39:135:43":67,"s:136:4:136:36":68,"s:138:4:138:39":69,"s:139:4:139:67":70}}}
,"C:\\depots\\Automne 2025\\Developpement Application\\projet_final_devApp\\backend\\src\\middleware\\adminMiddleware.js": {"path":"C:\\depots\\Automne 2025\\Developpement Application\\projet_final_devApp\\backend\\src\\middleware\\adminMiddleware.js","statementMap":{"0":{"start":{"line":2,"column":15},"end":{"line":2,"column":33}},"1":{"start":{"line":5,"column":2},"end":{"line":18,"column":3}},"2":{"start":{"line":6,"column":4},"end":{"line":8,"column":5}},"3":{"start":{"line":7,"column":6},"end":{"line":7,"column":61}},"4":{"start":{"line":10,"column":4},"end":{"line":12,"column":5}},"5":{"start":{"line":11,"column":6},"end":{"line":11,"column":76}},"6":{"start":{"line":14,"column":4},"end":{"line":14,"column":11}},"7":{"start":{"line":16,"column":4},"end":{"line":16,"column":35}},"8":{"start":{"line":17,"column":4},"end":{"line":17,"column":54}}},"fnMap":{"0":{"name":"adminOnly","decl":{"start":{"line":4,"column":24},"end":{"line":4,"column":33}},"loc":{"start":{"line":4,"column":50},"end":{"line":19,"column":1}},"line":4}},"branchMap":{"0":{"loc":{"start":{"line":6,"column":4},"end":{"line":8,"column":5}},"type":"if","locations":[{"start":{"line":6,"column":4},"end":{"line":8,"column":5}},{"start":{},"end":{}}],"line":6},"1":{"loc":{"start":{"line":10,"column":4},"end":{"line":12,"column":5}},"type":"if","locations":[{"start":{"line":10,"column":4},"end":{"line":12,"column":5}},{"start":{},"end":{}}],"line":10}},"s":{"0":1,"1":3,"2":3,"3":1,"4":2,"5":1,"6":1,"7":0,"8":0},"f":{"0":3},"b":{"0":[1,2],"1":[1,1]},"meta":{"lastBranch":2,"lastFunction":1,"lastStatement":9,"seen":{"s:2:15:2:33":0,"f:4:24:4:33":0,"s:5:2:18:3":1,"b:6:4:8:5:undefined:undefined:undefined:undefined":0,"s:6:4:8:5":2,"s:7:6:7:61":3,"b:10:4:12:5:undefined:undefined:undefined:undefined":1,"s:10:4:12:5":4,"s:11:6:11:76":5,"s:14:4:14:11":6,"s:16:4:16:35":7,"s:17:4:17:54":8}}}
,"C:\\depots\\Automne 2025\\Developpement Application\\projet_final_devApp\\backend\\src\\middleware\\authMiddleware.js": {"path":"C:\\depots\\Automne 2025\\Developpement Application\\projet_final_devApp\\backend\\src\\middleware\\authMiddleware.js","statementMap":{"0":{"start":{"line":6,"column":2},"end":{"line":6,"column":55}},"1":{"start":{"line":6,"column":21},"end":{"line":6,"column":55}},"2":{"start":{"line":7,"column":2},"end":{"line":7,"column":22}},"3":{"start":{"line":10,"column":16},"end":{"line":37,"column":1}},"4":{"start":{"line":11,"column":21},"end":{"line":11,"column":46}},"5":{"start":{"line":13,"column":2},"end":{"line":15,"column":3}},"6":{"start":{"line":14,"column":4},"end":{"line":14,"column":76}},"7":{"start":{"line":17,"column":16},"end":{"line":17,"column":40}},"8":{"start":{"line":19,"column":2},"end":{"line":36,"column":3}},"9":{"start":{"line":20,"column":20},"end":{"line":20,"column":78}},"10":{"start":{"line":22,"column":19},"end":{"line":22,"column":30}},"11":{"start":{"line":23,"column":17},"end":{"line":26,"column":6}},"12":{"start":{"line":28,"column":4},"end":{"line":30,"column":5}},"13":{"start":{"line":29,"column":6},"end":{"line":29,"column":72}},"14":{"start":{"line":32,"column":4},"end":{"line":32,"column":20}},"15":{"start":{"line":33,"column":4},"end":{"line":33,"column":11}},"16":{"start":{"line":35,"column":4},"end":{"line":35,"column":54}}},"fnMap":{"0":{"name":"getPrisma","decl":{"start":{"line":5,"column":9},"end":{"line":5,"column":18}},"loc":{"start":{"line":5,"column":21},"end":{"line":8,"column":1}},"line":5},"1":{"name":"(anonymous_1)","decl":{"start":{"line":10,"column":16},"end":{"line":10,"column":21}},"loc":{"start":{"line":10,"column":42},"end":{"line":37,"column":1}},"line":10}},"branchMap":{"0":{"loc":{"start":{"line":6,"column":2},"end":{"line":6,"column":55}},"type":"if","locations":[{"start":{"line":6,"column":2},"end":{"line":6,"column":55}},{"start":{},"end":{}}],"line":6},"1":{"loc":{"start":{"line":13,"column":2},"end":{"line":15,"column":3}},"type":"if","locations":[{"start":{"line":13,"column":2},"end":{"line":15,"column":3}},{"start":{},"end":{}}],"line":13},"2":{"loc":{"start":{"line":13,"column":6},"end":{"line":13,"column":54}},"type":"binary-expr","locations":[{"start":{"line":13,"column":6},"end":{"line":13,"column":17}},{"start":{"line":13,"column":21},"end":{"line":13,"column":54}}],"line":13},"3":{"loc":{"start":{"line":20,"column":38},"end":{"line":20,"column":77}},"type":"binary-expr","locations":[{"start":{"line":20,"column":38},"end":{"line":20,"column":60}},{"start":{"line":20,"column":64},"end":{"line":20,"column":77}}],"line":20},"4":{"loc":{"start":{"line":28,"column":4},"end":{"line":30,"column":5}},"type":"if","locations":[{"start":{"line":28,"column":4},"end":{"line":30,"column":5}},{"start":{},"end":{}}],"line":28}},"s":{"0":2,"1":1,"2":2,"3":1,"4":4,"5":4,"6":1,"7":3,"8":3,"9":3,"10":4,"11":4,"12":2,"13":1,"14":1,"15":1,"16":1},"f":{"0":2,"1":4},"b":{"0":[1,1],"1":[1,3],"2":[4,3],"3":[3,0],"4":[1,1]},"meta":{"lastBranch":5,"lastFunction":2,"lastStatement":17,"seen":{"f:5:9:5:18":0,"b:6:2:6:55:undefined:undefined:undefined:undefined":0,"s:6:2:6:55":0,"s:6:21:6:55":1,"s:7:2:7:22":2,"s:10:16:37:1":3,"f:10:16:10:21":1,"s:11:21:11:46":4,"b:13:2:15:3:undefined:undefined:undefined:undefined":1,"s:13:2:15:3":5,"b:13:6:13:17:13:21:13:54":2,"s:14:4:14:76":6,"s:17:16:17:40":7,"s:19:2:36:3":8,"s:20:20:20:78":9,"b:20:38:20:60:20:64:20:77":3,"s:22:19:22:30":10,"s:23:17:26:6":11,"b:28:4:30:5:undefined:undefined:undefined:undefined":4,"s:28:4:30:5":12,"s:29:6:29:72":13,"s:32:4:32:20":14,"s:33:4:33:11":15,"s:35:4:35:54":16}}}
}
