{"C:\\depots\\Automne 2025\\Developpement Application\\projet_final_devApp\\SPL\\src\\AdminUsers.tsx": {"path":"C:\\depots\\Automne 2025\\Developpement Application\\projet_final_devApp\\SPL\\src\\AdminUsers.tsx","statementMap":{"0":{"start":{"line":14,"column":16},"end":{"line":14,"column":null}},"1":{"start":{"line":15,"column":24},"end":{"line":15,"column":null}},"2":{"start":{"line":16,"column":28},"end":{"line":16,"column":null}},"3":{"start":{"line":17,"column":24},"end":{"line":17,"column":null}},"4":{"start":{"line":20,"column":2},"end":{"line":31,"column":null}},"5":{"start":{"line":21,"column":4},"end":{"line":30,"column":null}},"6":{"start":{"line":25,"column":8},"end":{"line":25,"column":null}},"7":{"start":{"line":25,"column":21},"end":{"line":25,"column":null}},"8":{"start":{"line":26,"column":8},"end":{"line":26,"column":null}},"9":{"start":{"line":28,"column":22},"end":{"line":28,"column":36}},"10":{"start":{"line":29,"column":19},"end":{"line":29,"column":69}},"11":{"start":{"line":30,"column":21},"end":{"line":30,"column":38}},"12":{"start":{"line":33,"column":23},"end":{"line":42,"column":null}},"13":{"start":{"line":34,"column":4},"end":{"line":34,"column":null}},"14":{"start":{"line":34,"column":70},"end":{"line":34,"column":null}},"15":{"start":{"line":36,"column":4},"end":{"line":39,"column":null}},"16":{"start":{"line":41,"column":4},"end":{"line":41,"column":null}},"17":{"start":{"line":41,"column":23},"end":{"line":41,"column":54}},"18":{"start":{"line":41,"column":42},"end":{"line":41,"column":53}},"19":{"start":{"line":44,"column":2},"end":{"line":44,"column":null}},"20":{"start":{"line":44,"column":15},"end":{"line":44,"column":null}},"21":{"start":{"line":45,"column":2},"end":{"line":45,"column":null}},"22":{"start":{"line":45,"column":13},"end":{"line":45,"column":null}},"23":{"start":{"line":47,"column":2},"end":{"line":82,"column":null}},"24":{"start":{"line":62,"column":12},"end":{"line":78,"column":null}},"25":{"start":{"line":73,"column":33},"end":{"line":73,"column":null}}},"fnMap":{"0":{"name":"AdminUsers","decl":{"start":{"line":13,"column":9},"end":{"line":13,"column":22}},"loc":{"start":{"line":13,"column":22},"end":{"line":84,"column":null}},"line":13},"1":{"name":"(anonymous_1)","decl":{"start":{"line":20,"column":12},"end":{"line":20,"column":18}},"loc":{"start":{"line":20,"column":18},"end":{"line":31,"column":5}},"line":20},"2":{"name":"(anonymous_2)","decl":{"start":{"line":24,"column":12},"end":{"line":24,"column":13}},"loc":{"start":{"line":24,"column":21},"end":{"line":27,"column":7}},"line":24},"3":{"name":"(anonymous_3)","decl":{"start":{"line":28,"column":12},"end":{"line":28,"column":13}},"loc":{"start":{"line":28,"column":22},"end":{"line":28,"column":36}},"line":28},"4":{"name":"(anonymous_4)","decl":{"start":{"line":29,"column":13},"end":{"line":29,"column":19}},"loc":{"start":{"line":29,"column":19},"end":{"line":29,"column":69}},"line":29},"5":{"name":"(anonymous_5)","decl":{"start":{"line":30,"column":15},"end":{"line":30,"column":21}},"loc":{"start":{"line":30,"column":21},"end":{"line":30,"column":38}},"line":30},"6":{"name":"(anonymous_6)","decl":{"start":{"line":33,"column":23},"end":{"line":33,"column":30}},"loc":{"start":{"line":33,"column":45},"end":{"line":42,"column":null}},"line":33},"7":{"name":"(anonymous_7)","decl":{"start":{"line":41,"column":13},"end":{"line":41,"column":14}},"loc":{"start":{"line":41,"column":23},"end":{"line":41,"column":54}},"line":41},"8":{"name":"(anonymous_8)","decl":{"start":{"line":41,"column":35},"end":{"line":41,"column":36}},"loc":{"start":{"line":41,"column":42},"end":{"line":41,"column":53}},"line":41},"9":{"name":"(anonymous_9)","decl":{"start":{"line":61,"column":21},"end":{"line":61,"column":22}},"loc":{"start":{"line":62,"column":12},"end":{"line":78,"column":null}},"line":62},"10":{"name":"(anonymous_10)","decl":{"start":{"line":73,"column":27},"end":{"line":73,"column":33}},"loc":{"start":{"line":73,"column":33},"end":{"line":73,"column":null}},"line":73}},"branchMap":{"0":{"loc":{"start":{"line":25,"column":8},"end":{"line":25,"column":null}},"type":"if","locations":[{"start":{"line":25,"column":8},"end":{"line":25,"column":null}},{"start":{},"end":{}}],"line":25},"1":{"loc":{"start":{"line":34,"column":4},"end":{"line":34,"column":null}},"type":"if","locations":[{"start":{"line":34,"column":4},"end":{"line":34,"column":null}},{"start":{},"end":{}}],"line":34},"2":{"loc":{"start":{"line":44,"column":2},"end":{"line":44,"column":null}},"type":"if","locations":[{"start":{"line":44,"column":2},"end":{"line":44,"column":null}},{"start":{},"end":{}}],"line":44},"3":{"loc":{"start":{"line":45,"column":2},"end":{"line":45,"column":null}},"type":"if","locations":[{"start":{"line":45,"column":2},"end":{"line":45,"column":null}},{"start":{},"end":{}}],"line":45},"4":{"loc":{"start":{"line":66,"column":19},"end":{"line":66,"column":49}},"type":"cond-expr","locations":[{"start":{"line":66,"column":35},"end":{"line":66,"column":43}},{"start":{"line":66,"column":43},"end":{"line":66,"column":49}}],"line":66}},"s":{"0":5,"1":5,"2":5,"3":5,"4":5,"5":2,"6":2,"7":0,"8":2,"9":2,"10":0,"11":2,"12":5,"13":1,"14":0,"15":1,"16":1,"17":1,"18":1,"19":5,"20":2,"21":3,"22":3,"23":3,"24":3,"25":1},"f":{"0":5,"1":2,"2":2,"3":2,"4":0,"5":2,"6":1,"7":1,"8":1,"9":3,"10":1},"b":{"0":[0,2],"1":[0,1],"2":[2,3],"3":[0,3],"4":[1,2]},"meta":{"lastBranch":5,"lastFunction":11,"lastStatement":26,"seen":{"f:13:9:13:22":0,"s:14:16:14:Infinity":0,"s:15:24:15:Infinity":1,"s:16:28:16:Infinity":2,"s:17:24:17:Infinity":3,"s:20:2:31:Infinity":4,"f:20:12:20:18":1,"s:21:4:30:Infinity":5,"f:24:12:24:13":2,"b:25:8:25:Infinity:undefined:undefined:undefined:undefined":0,"s:25:8:25:Infinity":6,"s:25:21:25:Infinity":7,"s:26:8:26:Infinity":8,"f:28:12:28:13":3,"s:28:22:28:36":9,"f:29:13:29:19":4,"s:29:19:29:69":10,"f:30:15:30:21":5,"s:30:21:30:38":11,"s:33:23:42:Infinity":12,"f:33:23:33:30":6,"b:34:4:34:Infinity:undefined:undefined:undefined:undefined":1,"s:34:4:34:Infinity":13,"s:34:70:34:Infinity":14,"s:36:4:39:Infinity":15,"s:41:4:41:Infinity":16,"f:41:13:41:14":7,"s:41:23:41:54":17,"f:41:35:41:36":8,"s:41:42:41:53":18,"b:44:2:44:Infinity:undefined:undefined:undefined:undefined":2,"s:44:2:44:Infinity":19,"s:44:15:44:Infinity":20,"b:45:2:45:Infinity:undefined:undefined:undefined:undefined":3,"s:45:2:45:Infinity":21,"s:45:13:45:Infinity":22,"s:47:2:82:Infinity":23,"f:61:21:61:22":9,"s:62:12:78:Infinity":24,"b:66:35:66:43:66:43:66:49":4,"f:73:27:73:33":10,"s:73:33:73:Infinity":25}}}
,"C:\\depots\\Automne 2025\\Developpement Application\\projet_final_devApp\\SPL\\src\\AuthContext.ts": {"path":"C:\\depots\\Automne 2025\\Developpement Application\\projet_final_devApp\\SPL\\src\\AuthContext.ts","statementMap":{"0":{"start":{"line":18,"column":13},"end":{"line":23,"column":null}}},"fnMap":{"0":{"name":"(anonymous_0)","decl":{"start":{"line":21,"column":9},"end":{"line":21,"column":15}},"loc":{"start":{"line":21,"column":15},"end":{"line":21,"column":null}},"line":21},"1":{"name":"(anonymous_1)","decl":{"start":{"line":22,"column":10},"end":{"line":22,"column":16}},"loc":{"start":{"line":22,"column":16},"end":{"line":22,"column":null}},"line":22}},"branchMap":{},"s":{"0":8},"f":{"0":0,"1":0},"b":{},"meta":{"lastBranch":0,"lastFunction":2,"lastStatement":1,"seen":{"s:18:13:23:Infinity":0,"f:21:9:21:15":0,"f:22:10:22:16":1}}}
,"C:\\depots\\Automne 2025\\Developpement Application\\projet_final_devApp\\SPL\\src\\Builds.tsx": {"path":"C:\\depots\\Automne 2025\\Developpement Application\\projet_final_devApp\\SPL\\src\\Builds.tsx","statementMap":{"0":{"start":{"line":17,"column":26},"end":{"line":17,"column":null}},"1":{"start":{"line":18,"column":28},"end":{"line":18,"column":null}},"2":{"start":{"line":19,"column":22},"end":{"line":19,"column":null}},"3":{"start":{"line":21,"column":2},"end":{"line":30,"column":null}},"4":{"start":{"line":22,"column":4},"end":{"line":29,"column":null}},"5":{"start":{"line":23,"column":21},"end":{"line":23,"column":31}},"6":{"start":{"line":25,"column":8},"end":{"line":26,"column":null}},"7":{"start":{"line":25,"column":33},"end":{"line":25,"column":null}},"8":{"start":{"line":26,"column":13},"end":{"line":26,"column":null}},"9":{"start":{"line":28,"column":19},"end":{"line":28,"column":32}},"10":{"start":{"line":29,"column":21},"end":{"line":29,"column":38}},"11":{"start":{"line":32,"column":2},"end":{"line":111,"column":null}},"12":{"start":{"line":58,"column":16},"end":{"line":105,"column":null}},"13":{"start":{"line":76,"column":28},"end":{"line":81,"column":null}},"14":{"start":{"line":81,"column":30},"end":{"line":81,"column":null}},"15":{"start":{"line":82,"column":28},"end":{"line":97,"column":null}},"16":{"start":{"line":83,"column":42},"end":{"line":88,"column":null}},"17":{"start":{"line":89,"column":30},"end":{"line":90,"column":null}},"18":{"start":{"line":90,"column":32},"end":{"line":90,"column":null}},"19":{"start":{"line":91,"column":30},"end":{"line":93,"column":null}},"20":{"start":{"line":92,"column":32},"end":{"line":92,"column":null}},"21":{"start":{"line":92,"column":50},"end":{"line":92,"column":63}},"22":{"start":{"line":95,"column":30},"end":{"line":95,"column":null}},"23":{"start":{"line":96,"column":30},"end":{"line":96,"column":null}}},"fnMap":{"0":{"name":"Builds","decl":{"start":{"line":16,"column":24},"end":{"line":16,"column":33}},"loc":{"start":{"line":16,"column":33},"end":{"line":113,"column":null}},"line":16},"1":{"name":"(anonymous_1)","decl":{"start":{"line":21,"column":12},"end":{"line":21,"column":18}},"loc":{"start":{"line":21,"column":18},"end":{"line":30,"column":5}},"line":21},"2":{"name":"(anonymous_2)","decl":{"start":{"line":23,"column":12},"end":{"line":23,"column":13}},"loc":{"start":{"line":23,"column":21},"end":{"line":23,"column":31}},"line":23},"3":{"name":"(anonymous_3)","decl":{"start":{"line":24,"column":12},"end":{"line":24,"column":13}},"loc":{"start":{"line":24,"column":22},"end":{"line":27,"column":7}},"line":24},"4":{"name":"(anonymous_4)","decl":{"start":{"line":28,"column":13},"end":{"line":28,"column":19}},"loc":{"start":{"line":28,"column":19},"end":{"line":28,"column":32}},"line":28},"5":{"name":"(anonymous_5)","decl":{"start":{"line":29,"column":15},"end":{"line":29,"column":21}},"loc":{"start":{"line":29,"column":21},"end":{"line":29,"column":38}},"line":29},"6":{"name":"(anonymous_6)","decl":{"start":{"line":57,"column":26},"end":{"line":57,"column":27}},"loc":{"start":{"line":58,"column":16},"end":{"line":105,"column":null}},"line":58},"7":{"name":"(anonymous_7)","decl":{"start":{"line":75,"column":35},"end":{"line":75,"column":47}},"loc":{"start":{"line":75,"column":47},"end":{"line":98,"column":null}},"line":75},"8":{"name":"(anonymous_8)","decl":{"start":{"line":91,"column":40},"end":{"line":91,"column":41}},"loc":{"start":{"line":92,"column":32},"end":{"line":92,"column":null}},"line":92},"9":{"name":"(anonymous_9)","decl":{"start":{"line":92,"column":43},"end":{"line":92,"column":44}},"loc":{"start":{"line":92,"column":50},"end":{"line":92,"column":63}},"line":92}},"branchMap":{"0":{"loc":{"start":{"line":25,"column":8},"end":{"line":26,"column":null}},"type":"if","locations":[{"start":{"line":25,"column":8},"end":{"line":26,"column":null}},{"start":{"line":26,"column":13},"end":{"line":26,"column":null}}],"line":25},"1":{"loc":{"start":{"line":40,"column":7},"end":{"line":109,"column":null}},"type":"cond-expr","locations":[{"start":{"line":41,"column":8},"end":{"line":41,"column":null}},{"start":{"line":43,"column":8},"end":{"line":109,"column":null}}],"line":40},"2":{"loc":{"start":{"line":68,"column":21},"end":{"line":103,"column":null}},"type":"cond-expr","locations":[{"start":{"line":69,"column":22},"end":{"line":102,"column":null}},{"start":{"line":103,"column":24},"end":{"line":103,"column":null}}],"line":68},"3":{"loc":{"start":{"line":76,"column":28},"end":{"line":81,"column":null}},"type":"if","locations":[{"start":{"line":76,"column":28},"end":{"line":81,"column":null}},{"start":{},"end":{}}],"line":76},"4":{"loc":{"start":{"line":85,"column":41},"end":{"line":87,"column":null}},"type":"cond-expr","locations":[{"start":{"line":86,"column":36},"end":{"line":86,"column":null}},{"start":{"line":87,"column":36},"end":{"line":87,"column":null}}],"line":85},"5":{"loc":{"start":{"line":89,"column":30},"end":{"line":90,"column":null}},"type":"if","locations":[{"start":{"line":89,"column":30},"end":{"line":90,"column":null}},{"start":{},"end":{}}],"line":89}},"s":{"0":16,"1":16,"2":16,"3":16,"4":7,"5":7,"6":7,"7":6,"8":1,"9":0,"10":7,"11":16,"12":6,"13":3,"14":1,"15":2,"16":2,"17":2,"18":0,"19":2,"20":2,"21":2,"22":0,"23":0},"f":{"0":16,"1":7,"2":7,"3":7,"4":0,"5":7,"6":6,"7":3,"8":2,"9":2},"b":{"0":[6,1],"1":[7,9],"2":[4,2],"3":[1,2],"4":[2,0],"5":[0,2]},"meta":{"lastBranch":6,"lastFunction":10,"lastStatement":24,"seen":{"f:16:24:16:33":0,"s:17:26:17:Infinity":0,"s:18:28:18:Infinity":1,"s:19:22:19:Infinity":2,"s:21:2:30:Infinity":3,"f:21:12:21:18":1,"s:22:4:29:Infinity":4,"f:23:12:23:13":2,"s:23:21:23:31":5,"f:24:12:24:13":3,"b:25:8:26:Infinity:26:13:26:Infinity":0,"s:25:8:26:Infinity":6,"s:25:33:25:Infinity":7,"s:26:13:26:Infinity":8,"f:28:13:28:19":4,"s:28:19:28:32":9,"f:29:15:29:21":5,"s:29:21:29:38":10,"s:32:2:111:Infinity":11,"b:41:8:41:Infinity:43:8:109:Infinity":1,"f:57:26:57:27":6,"s:58:16:105:Infinity":12,"b:69:22:102:Infinity:103:24:103:Infinity":2,"f:75:35:75:47":7,"b:76:28:81:Infinity:undefined:undefined:undefined:undefined":3,"s:76:28:81:Infinity":13,"s:81:30:81:Infinity":14,"s:82:28:97:Infinity":15,"s:83:42:88:Infinity":16,"b:86:36:86:Infinity:87:36:87:Infinity":4,"b:89:30:90:Infinity:undefined:undefined:undefined:undefined":5,"s:89:30:90:Infinity":17,"s:90:32:90:Infinity":18,"s:91:30:93:Infinity":19,"f:91:40:91:41":8,"s:92:32:92:Infinity":20,"f:92:43:92:44":9,"s:92:50:92:63":21,"s:95:30:95:Infinity":22,"s:96:30:96:Infinity":23}}}
,"C:\\depots\\Automne 2025\\Developpement Application\\projet_final_devApp\\SPL\\src\\Header.tsx": {"path":"C:\\depots\\Automne 2025\\Developpement Application\\projet_final_devApp\\SPL\\src\\Header.tsx","statementMap":{"0":{"start":{"line":7,"column":30},"end":{"line":7,"column":null}},"1":{"start":{"line":8,"column":18},"end":{"line":8,"column":null}},"2":{"start":{"line":10,"column":2},"end":{"line":36,"column":null}}},"fnMap":{"0":{"name":"Header","decl":{"start":{"line":6,"column":24},"end":{"line":6,"column":33}},"loc":{"start":{"line":6,"column":33},"end":{"line":38,"column":null}},"line":6}},"branchMap":{"0":{"loc":{"start":{"line":8,"column":18},"end":{"line":8,"column":null}},"type":"binary-expr","locations":[{"start":{"line":8,"column":18},"end":{"line":8,"column":35}},{"start":{"line":8,"column":35},"end":{"line":8,"column":null}}],"line":8},"1":{"loc":{"start":{"line":17,"column":9},"end":{"line":33,"column":null}},"type":"cond-expr","locations":[{"start":{"line":18,"column":10},"end":{"line":28,"column":null}},{"start":{"line":30,"column":10},"end":{"line":33,"column":null}}],"line":17},"2":{"loc":{"start":{"line":20,"column":13},"end":{"line":20,"column":null}},"type":"binary-expr","locations":[{"start":{"line":20,"column":13},"end":{"line":20,"column":24}},{"start":{"line":20,"column":24},"end":{"line":20,"column":null}}],"line":20},"3":{"loc":{"start":{"line":22,"column":15},"end":{"line":22,"column":null}},"type":"binary-expr","locations":[{"start":{"line":22,"column":15},"end":{"line":22,"column":33}},{"start":{"line":22,"column":33},"end":{"line":22,"column":null}}],"line":22},"4":{"loc":{"start":{"line":23,"column":15},"end":{"line":23,"column":null}},"type":"binary-expr","locations":[{"start":{"line":23,"column":15},"end":{"line":23,"column":26}},{"start":{"line":23,"column":26},"end":{"line":23,"column":null}}],"line":23}},"s":{"0":5,"1":5,"2":5},"f":{"0":5},"b":{"0":[5,1],"1":[4,1],"2":[4,1],"3":[4,1],"4":[4,1]},"meta":{"lastBranch":5,"lastFunction":1,"lastStatement":3,"seen":{"f:6:24:6:33":0,"s:7:30:7:Infinity":0,"s:8:18:8:Infinity":1,"b:8:18:8:35:8:35:8:Infinity":0,"s:10:2:36:Infinity":2,"b:18:10:28:Infinity:30:10:33:Infinity":1,"b:20:13:20:24:20:24:20:Infinity":2,"b:22:15:22:33:22:33:22:Infinity":3,"b:23:15:23:26:23:26:23:Infinity":4}}}
,"C:\\depots\\Automne 2025\\Developpement Application\\projet_final_devApp\\SPL\\src\\Login.tsx": {"path":"C:\\depots\\Automne 2025\\Developpement Application\\projet_final_devApp\\SPL\\src\\Login.tsx","statementMap":{"0":{"start":{"line":7,"column":8},"end":{"line":7,"column":null}},"1":{"start":{"line":8,"column":16},"end":{"line":8,"column":null}},"2":{"start":{"line":10,"column":24},"end":{"line":10,"column":null}},"3":{"start":{"line":11,"column":30},"end":{"line":11,"column":null}},"4":{"start":{"line":12,"column":24},"end":{"line":12,"column":null}},"5":{"start":{"line":13,"column":28},"end":{"line":13,"column":null}},"6":{"start":{"line":15,"column":17},"end":{"line":49,"column":null}},"7":{"start":{"line":16,"column":4},"end":{"line":16,"column":null}},"8":{"start":{"line":17,"column":4},"end":{"line":17,"column":null}},"9":{"start":{"line":18,"column":4},"end":{"line":18,"column":null}},"10":{"start":{"line":20,"column":4},"end":{"line":48,"column":null}},"11":{"start":{"line":21,"column":18},"end":{"line":25,"column":null}},"12":{"start":{"line":26,"column":19},"end":{"line":26,"column":null}},"13":{"start":{"line":28,"column":6},"end":{"line":32,"column":null}},"14":{"start":{"line":29,"column":8},"end":{"line":29,"column":null}},"15":{"start":{"line":30,"column":8},"end":{"line":30,"column":null}},"16":{"start":{"line":31,"column":8},"end":{"line":31,"column":null}},"17":{"start":{"line":34,"column":6},"end":{"line":42,"column":null}},"18":{"start":{"line":43,"column":6},"end":{"line":43,"column":null}},"19":{"start":{"line":45,"column":6},"end":{"line":45,"column":null}},"20":{"start":{"line":47,"column":6},"end":{"line":47,"column":null}},"21":{"start":{"line":51,"column":2},"end":{"line":90,"column":null}},"22":{"start":{"line":63,"column":31},"end":{"line":63,"column":null}},"23":{"start":{"line":74,"column":31},"end":{"line":74,"column":null}}},"fnMap":{"0":{"name":"Login","decl":{"start":{"line":6,"column":24},"end":{"line":6,"column":32}},"loc":{"start":{"line":6,"column":32},"end":{"line":92,"column":null}},"line":6},"1":{"name":"(anonymous_1)","decl":{"start":{"line":15,"column":17},"end":{"line":15,"column":24}},"loc":{"start":{"line":15,"column":47},"end":{"line":49,"column":null}},"line":15},"2":{"name":"(anonymous_2)","decl":{"start":{"line":63,"column":24},"end":{"line":63,"column":25}},"loc":{"start":{"line":63,"column":31},"end":{"line":63,"column":null}},"line":63},"3":{"name":"(anonymous_3)","decl":{"start":{"line":74,"column":24},"end":{"line":74,"column":25}},"loc":{"start":{"line":74,"column":31},"end":{"line":74,"column":null}},"line":74}},"branchMap":{"0":{"loc":{"start":{"line":28,"column":6},"end":{"line":32,"column":null}},"type":"if","locations":[{"start":{"line":28,"column":6},"end":{"line":32,"column":null}},{"start":{},"end":{}}],"line":28},"1":{"loc":{"start":{"line":29,"column":17},"end":{"line":29,"column":56}},"type":"binary-expr","locations":[{"start":{"line":29,"column":17},"end":{"line":29,"column":32}},{"start":{"line":29,"column":32},"end":{"line":29,"column":56}}],"line":29},"2":{"loc":{"start":{"line":39,"column":26},"end":{"line":39,"column":67}},"type":"binary-expr","locations":[{"start":{"line":39,"column":26},"end":{"line":39,"column":47}},{"start":{"line":39,"column":47},"end":{"line":39,"column":66}},{"start":{"line":39,"column":66},"end":{"line":39,"column":67}}],"line":39},"3":{"loc":{"start":{"line":79,"column":11},"end":{"line":79,"column":null}},"type":"binary-expr","locations":[{"start":{"line":79,"column":11},"end":{"line":79,"column":20}},{"start":{"line":79,"column":20},"end":{"line":79,"column":null}}],"line":79},"4":{"loc":{"start":{"line":82,"column":13},"end":{"line":82,"column":null}},"type":"cond-expr","locations":[{"start":{"line":82,"column":23},"end":{"line":82,"column":40}},{"start":{"line":82,"column":40},"end":{"line":82,"column":null}}],"line":82}},"s":{"0":31,"1":31,"2":31,"3":31,"4":31,"5":31,"6":31,"7":6,"8":6,"9":6,"10":6,"11":6,"12":5,"13":5,"14":2,"15":2,"16":2,"17":3,"18":6,"19":1,"20":6,"21":31,"22":6,"23":6},"f":{"0":31,"1":6,"2":6,"3":6},"b":{"0":[2,3],"1":[2,1],"2":[3,2,1],"3":[31,3],"4":[6,25]},"meta":{"lastBranch":5,"lastFunction":4,"lastStatement":24,"seen":{"f:6:24:6:32":0,"s:7:8:7:Infinity":0,"s:8:16:8:Infinity":1,"s:10:24:10:Infinity":2,"s:11:30:11:Infinity":3,"s:12:24:12:Infinity":4,"s:13:28:13:Infinity":5,"s:15:17:49:Infinity":6,"f:15:17:15:24":1,"s:16:4:16:Infinity":7,"s:17:4:17:Infinity":8,"s:18:4:18:Infinity":9,"s:20:4:48:Infinity":10,"s:21:18:25:Infinity":11,"s:26:19:26:Infinity":12,"b:28:6:32:Infinity:undefined:undefined:undefined:undefined":0,"s:28:6:32:Infinity":13,"s:29:8:29:Infinity":14,"b:29:17:29:32:29:32:29:56":1,"s:30:8:30:Infinity":15,"s:31:8:31:Infinity":16,"s:34:6:42:Infinity":17,"b:39:26:39:47:39:47:39:66:39:66:39:67":2,"s:43:6:43:Infinity":18,"s:45:6:45:Infinity":19,"s:47:6:47:Infinity":20,"s:51:2:90:Infinity":21,"f:63:24:63:25":2,"s:63:31:63:Infinity":22,"f:74:24:74:25":3,"s:74:31:74:Infinity":23,"b:79:11:79:20:79:20:79:Infinity":3,"b:82:23:82:40:82:40:82:Infinity":4}}}
,"C:\\depots\\Automne 2025\\Developpement Application\\projet_final_devApp\\SPL\\src\\NewBuild.tsx": {"path":"C:\\depots\\Automne 2025\\Developpement Application\\projet_final_devApp\\SPL\\src\\NewBuild.tsx","statementMap":{"0":{"start":{"line":7,"column":22},"end":{"line":13,"column":null}},"1":{"start":{"line":14,"column":24},"end":{"line":14,"column":null}},"2":{"start":{"line":15,"column":8},"end":{"line":15,"column":null}},"3":{"start":{"line":16,"column":22},"end":{"line":16,"column":null}},"4":{"start":{"line":17,"column":24},"end":{"line":17,"column":null}},"5":{"start":{"line":19,"column":23},"end":{"line":25,"column":null}},"6":{"start":{"line":24,"column":4},"end":{"line":24,"column":null}},"7":{"start":{"line":27,"column":23},"end":{"line":83,"column":null}},"8":{"start":{"line":28,"column":4},"end":{"line":28,"column":null}},"9":{"start":{"line":29,"column":4},"end":{"line":29,"column":null}},"10":{"start":{"line":31,"column":4},"end":{"line":34,"column":null}},"11":{"start":{"line":32,"column":6},"end":{"line":32,"column":null}},"12":{"start":{"line":33,"column":6},"end":{"line":33,"column":null}},"13":{"start":{"line":36,"column":4},"end":{"line":82,"column":null}},"14":{"start":{"line":37,"column":22},"end":{"line":37,"column":null}},"15":{"start":{"line":38,"column":23},"end":{"line":38,"column":null}},"16":{"start":{"line":39,"column":31},"end":{"line":39,"column":null}},"17":{"start":{"line":40,"column":27},"end":{"line":40,"column":null}},"18":{"start":{"line":41,"column":26},"end":{"line":41,"column":null}},"19":{"start":{"line":42,"column":32},"end":{"line":42,"column":null}},"20":{"start":{"line":44,"column":6},"end":{"line":44,"column":null}},"21":{"start":{"line":45,"column":6},"end":{"line":45,"column":null}},"22":{"start":{"line":46,"column":6},"end":{"line":46,"column":null}},"23":{"start":{"line":46,"column":24},"end":{"line":46,"column":null}},"24":{"start":{"line":47,"column":6},"end":{"line":47,"column":null}},"25":{"start":{"line":47,"column":23},"end":{"line":47,"column":null}},"26":{"start":{"line":48,"column":6},"end":{"line":48,"column":null}},"27":{"start":{"line":50,"column":6},"end":{"line":52,"column":null}},"28":{"start":{"line":51,"column":8},"end":{"line":51,"column":null}},"29":{"start":{"line":54,"column":23},"end":{"line":58,"column":null}},"30":{"start":{"line":60,"column":6},"end":{"line":71,"column":null}},"31":{"start":{"line":61,"column":22},"end":{"line":61,"column":null}},"32":{"start":{"line":62,"column":8},"end":{"line":69,"column":null}},"33":{"start":{"line":63,"column":26},"end":{"line":63,"column":null}},"34":{"start":{"line":64,"column":10},"end":{"line":66,"column":null}},"35":{"start":{"line":65,"column":12},"end":{"line":65,"column":null}},"36":{"start":{"line":68,"column":10},"end":{"line":68,"column":null}},"37":{"start":{"line":70,"column":8},"end":{"line":70,"column":null}},"38":{"start":{"line":73,"column":22},"end":{"line":73,"column":null}},"39":{"start":{"line":74,"column":6},"end":{"line":76,"column":null}},"40":{"start":{"line":75,"column":8},"end":{"line":75,"column":null}},"41":{"start":{"line":78,"column":6},"end":{"line":78,"column":null}},"42":{"start":{"line":80,"column":6},"end":{"line":80,"column":null}},"43":{"start":{"line":81,"column":6},"end":{"line":81,"column":null}},"44":{"start":{"line":85,"column":27},"end":{"line":87,"column":null}},"45":{"start":{"line":86,"column":4},"end":{"line":86,"column":null}},"46":{"start":{"line":89,"column":2},"end":{"line":144,"column":null}}},"fnMap":{"0":{"name":"NewBuild","decl":{"start":{"line":6,"column":24},"end":{"line":6,"column":35}},"loc":{"start":{"line":6,"column":35},"end":{"line":146,"column":null}},"line":6},"1":{"name":"(anonymous_1)","decl":{"start":{"line":19,"column":23},"end":{"line":19,"column":null}},"loc":{"start":{"line":23,"column":7},"end":{"line":25,"column":null}},"line":23},"2":{"name":"(anonymous_2)","decl":{"start":{"line":27,"column":23},"end":{"line":27,"column":30}},"loc":{"start":{"line":27,"column":53},"end":{"line":83,"column":null}},"line":27},"3":{"name":"(anonymous_3)","decl":{"start":{"line":85,"column":27},"end":{"line":85,"column":28}},"loc":{"start":{"line":85,"column":71},"end":{"line":87,"column":null}},"line":85}},"branchMap":{"0":{"loc":{"start":{"line":31,"column":4},"end":{"line":34,"column":null}},"type":"if","locations":[{"start":{"line":31,"column":4},"end":{"line":34,"column":null}},{"start":{},"end":{}}],"line":31},"1":{"loc":{"start":{"line":31,"column":8},"end":{"line":31,"column":47}},"type":"binary-expr","locations":[{"start":{"line":31,"column":8},"end":{"line":31,"column":25}},{"start":{"line":31,"column":25},"end":{"line":31,"column":47}}],"line":31},"2":{"loc":{"start":{"line":46,"column":6},"end":{"line":46,"column":null}},"type":"if","locations":[{"start":{"line":46,"column":6},"end":{"line":46,"column":null}},{"start":{},"end":{}}],"line":46},"3":{"loc":{"start":{"line":47,"column":6},"end":{"line":47,"column":null}},"type":"if","locations":[{"start":{"line":47,"column":6},"end":{"line":47,"column":null}},{"start":{},"end":{}}],"line":47},"4":{"loc":{"start":{"line":50,"column":6},"end":{"line":52,"column":null}},"type":"if","locations":[{"start":{"line":50,"column":6},"end":{"line":52,"column":null}},{"start":{},"end":{}}],"line":50},"5":{"loc":{"start":{"line":56,"column":17},"end":{"line":56,"column":null}},"type":"cond-expr","locations":[{"start":{"line":56,"column":25},"end":{"line":56,"column":64}},{"start":{"line":56,"column":64},"end":{"line":56,"column":null}}],"line":56},"6":{"loc":{"start":{"line":60,"column":6},"end":{"line":71,"column":null}},"type":"if","locations":[{"start":{"line":60,"column":6},"end":{"line":71,"column":null}},{"start":{},"end":{}}],"line":60},"7":{"loc":{"start":{"line":64,"column":10},"end":{"line":66,"column":null}},"type":"if","locations":[{"start":{"line":64,"column":10},"end":{"line":66,"column":null}},{"start":{},"end":{}}],"line":64},"8":{"loc":{"start":{"line":64,"column":14},"end":{"line":64,"column":76}},"type":"binary-expr","locations":[{"start":{"line":64,"column":14},"end":{"line":64,"column":25}},{"start":{"line":64,"column":25},"end":{"line":64,"column":56}},{"start":{"line":64,"column":56},"end":{"line":64,"column":76}}],"line":64},"9":{"loc":{"start":{"line":74,"column":6},"end":{"line":76,"column":null}},"type":"if","locations":[{"start":{"line":74,"column":6},"end":{"line":76,"column":null}},{"start":{},"end":{}}],"line":74},"10":{"loc":{"start":{"line":81,"column":15},"end":{"line":81,"column":63}},"type":"cond-expr","locations":[{"start":{"line":81,"column":38},"end":{"line":81,"column":52}},{"start":{"line":81,"column":52},"end":{"line":81,"column":63}}],"line":81},"11":{"loc":{"start":{"line":93,"column":9},"end":{"line":93,"column":null}},"type":"binary-expr","locations":[{"start":{"line":93,"column":9},"end":{"line":93,"column":18}},{"start":{"line":93,"column":18},"end":{"line":93,"column":null}}],"line":93},"12":{"loc":{"start":{"line":132,"column":11},"end":{"line":137,"column":null}},"type":"cond-expr","locations":[{"start":{"line":133,"column":12},"end":{"line":133,"column":null}},{"start":{"line":135,"column":12},"end":{"line":137,"column":null}}],"line":132}},"s":{"0":36,"1":36,"2":36,"3":36,"4":36,"5":36,"6":20,"7":36,"8":6,"9":6,"10":6,"11":2,"12":2,"13":4,"14":4,"15":4,"16":4,"17":4,"18":4,"19":4,"20":4,"21":4,"22":4,"23":1,"24":4,"25":4,"26":4,"27":4,"28":0,"29":4,"30":4,"31":2,"32":2,"33":2,"34":1,"35":1,"36":1,"37":2,"38":2,"39":2,"40":0,"41":2,"42":2,"43":2,"44":36,"45":2,"46":36},"f":{"0":36,"1":20,"2":6,"3":2},"b":{"0":[2,4],"1":[6,2],"2":[1,3],"3":[1,3],"4":[0,4],"5":[4,0],"6":[2,2],"7":[1,0],"8":[1,1,1],"9":[0,2],"10":[2,0],"11":[36,4],"12":[36,0]},"meta":{"lastBranch":13,"lastFunction":4,"lastStatement":47,"seen":{"f:6:24:6:35":0,"s:7:22:13:Infinity":0,"s:14:24:14:Infinity":1,"s:15:8:15:Infinity":2,"s:16:22:16:Infinity":3,"s:17:24:17:Infinity":4,"s:19:23:25:Infinity":5,"f:19:23:19:Infinity":1,"s:24:4:24:Infinity":6,"s:27:23:83:Infinity":7,"f:27:23:27:30":2,"s:28:4:28:Infinity":8,"s:29:4:29:Infinity":9,"b:31:4:34:Infinity:undefined:undefined:undefined:undefined":0,"s:31:4:34:Infinity":10,"b:31:8:31:25:31:25:31:47":1,"s:32:6:32:Infinity":11,"s:33:6:33:Infinity":12,"s:36:4:82:Infinity":13,"s:37:22:37:Infinity":14,"s:38:23:38:Infinity":15,"s:39:31:39:Infinity":16,"s:40:27:40:Infinity":17,"s:41:26:41:Infinity":18,"s:42:32:42:Infinity":19,"s:44:6:44:Infinity":20,"s:45:6:45:Infinity":21,"b:46:6:46:Infinity:undefined:undefined:undefined:undefined":2,"s:46:6:46:Infinity":22,"s:46:24:46:Infinity":23,"b:47:6:47:Infinity:undefined:undefined:undefined:undefined":3,"s:47:6:47:Infinity":24,"s:47:23:47:Infinity":25,"s:48:6:48:Infinity":26,"b:50:6:52:Infinity:undefined:undefined:undefined:undefined":4,"s:50:6:52:Infinity":27,"s:51:8:51:Infinity":28,"s:54:23:58:Infinity":29,"b:56:25:56:64:56:64:56:Infinity":5,"b:60:6:71:Infinity:undefined:undefined:undefined:undefined":6,"s:60:6:71:Infinity":30,"s:61:22:61:Infinity":31,"s:62:8:69:Infinity":32,"s:63:26:63:Infinity":33,"b:64:10:66:Infinity:undefined:undefined:undefined:undefined":7,"s:64:10:66:Infinity":34,"b:64:14:64:25:64:25:64:56:64:56:64:76":8,"s:65:12:65:Infinity":35,"s:68:10:68:Infinity":36,"s:70:8:70:Infinity":37,"s:73:22:73:Infinity":38,"b:74:6:76:Infinity:undefined:undefined:undefined:undefined":9,"s:74:6:76:Infinity":39,"s:75:8:75:Infinity":40,"s:78:6:78:Infinity":41,"s:80:6:80:Infinity":42,"s:81:6:81:Infinity":43,"b:81:38:81:52:81:52:81:63":10,"s:85:27:87:Infinity":44,"f:85:27:85:28":3,"s:86:4:86:Infinity":45,"s:89:2:144:Infinity":46,"b:93:9:93:18:93:18:93:Infinity":11,"b:133:12:133:Infinity:135:12:137:Infinity":12}}}
,"C:\\depots\\Automne 2025\\Developpement Application\\projet_final_devApp\\SPL\\src\\Signup.tsx": {"path":"C:\\depots\\Automne 2025\\Developpement Application\\projet_final_devApp\\SPL\\src\\Signup.tsx","statementMap":{"0":{"start":{"line":6,"column":8},"end":{"line":6,"column":null}},"1":{"start":{"line":7,"column":16},"end":{"line":7,"column":null}},"2":{"start":{"line":9,"column":30},"end":{"line":9,"column":null}},"3":{"start":{"line":10,"column":24},"end":{"line":10,"column":null}},"4":{"start":{"line":11,"column":30},"end":{"line":11,"column":null}},"5":{"start":{"line":12,"column":24},"end":{"line":12,"column":null}},"6":{"start":{"line":13,"column":28},"end":{"line":13,"column":null}},"7":{"start":{"line":15,"column":17},"end":{"line":42,"column":null}},"8":{"start":{"line":16,"column":4},"end":{"line":16,"column":null}},"9":{"start":{"line":17,"column":4},"end":{"line":17,"column":null}},"10":{"start":{"line":18,"column":4},"end":{"line":18,"column":null}},"11":{"start":{"line":20,"column":4},"end":{"line":41,"column":null}},"12":{"start":{"line":21,"column":18},"end":{"line":25,"column":null}},"13":{"start":{"line":27,"column":19},"end":{"line":27,"column":null}},"14":{"start":{"line":29,"column":6},"end":{"line":33,"column":null}},"15":{"start":{"line":30,"column":8},"end":{"line":30,"column":null}},"16":{"start":{"line":31,"column":8},"end":{"line":31,"column":null}},"17":{"start":{"line":32,"column":8},"end":{"line":32,"column":null}},"18":{"start":{"line":35,"column":6},"end":{"line":35,"column":null}},"19":{"start":{"line":36,"column":6},"end":{"line":36,"column":null}},"20":{"start":{"line":38,"column":6},"end":{"line":38,"column":null}},"21":{"start":{"line":40,"column":6},"end":{"line":40,"column":null}},"22":{"start":{"line":44,"column":2},"end":{"line":95,"column":null}},"23":{"start":{"line":56,"column":31},"end":{"line":56,"column":null}},"24":{"start":{"line":67,"column":31},"end":{"line":67,"column":null}},"25":{"start":{"line":79,"column":31},"end":{"line":79,"column":null}}},"fnMap":{"0":{"name":"Signup","decl":{"start":{"line":5,"column":24},"end":{"line":5,"column":33}},"loc":{"start":{"line":5,"column":33},"end":{"line":97,"column":null}},"line":5},"1":{"name":"(anonymous_1)","decl":{"start":{"line":15,"column":17},"end":{"line":15,"column":24}},"loc":{"start":{"line":15,"column":47},"end":{"line":42,"column":null}},"line":15},"2":{"name":"(anonymous_2)","decl":{"start":{"line":56,"column":24},"end":{"line":56,"column":25}},"loc":{"start":{"line":56,"column":31},"end":{"line":56,"column":null}},"line":56},"3":{"name":"(anonymous_3)","decl":{"start":{"line":67,"column":24},"end":{"line":67,"column":25}},"loc":{"start":{"line":67,"column":31},"end":{"line":67,"column":null}},"line":67},"4":{"name":"(anonymous_4)","decl":{"start":{"line":79,"column":24},"end":{"line":79,"column":25}},"loc":{"start":{"line":79,"column":31},"end":{"line":79,"column":null}},"line":79}},"branchMap":{"0":{"loc":{"start":{"line":29,"column":6},"end":{"line":33,"column":null}},"type":"if","locations":[{"start":{"line":29,"column":6},"end":{"line":33,"column":null}},{"start":{},"end":{}}],"line":29},"1":{"loc":{"start":{"line":30,"column":17},"end":{"line":30,"column":63}},"type":"binary-expr","locations":[{"start":{"line":30,"column":17},"end":{"line":30,"column":32}},{"start":{"line":30,"column":32},"end":{"line":30,"column":63}}],"line":30},"2":{"loc":{"start":{"line":84,"column":11},"end":{"line":84,"column":null}},"type":"binary-expr","locations":[{"start":{"line":84,"column":11},"end":{"line":84,"column":20}},{"start":{"line":84,"column":20},"end":{"line":84,"column":null}}],"line":84},"3":{"loc":{"start":{"line":87,"column":13},"end":{"line":87,"column":null}},"type":"cond-expr","locations":[{"start":{"line":87,"column":23},"end":{"line":87,"column":39}},{"start":{"line":87,"column":39},"end":{"line":87,"column":null}}],"line":87}},"s":{"0":29,"1":29,"2":29,"3":29,"4":29,"5":29,"6":29,"7":29,"8":4,"9":4,"10":4,"11":4,"12":4,"13":3,"14":3,"15":2,"16":2,"17":2,"18":1,"19":1,"20":1,"21":4,"22":29,"23":5,"24":5,"25":5},"f":{"0":29,"1":4,"2":5,"3":5,"4":5},"b":{"0":[2,1],"1":[2,1],"2":[29,3],"3":[4,25]},"meta":{"lastBranch":4,"lastFunction":5,"lastStatement":26,"seen":{"f:5:24:5:33":0,"s:6:8:6:Infinity":0,"s:7:16:7:Infinity":1,"s:9:30:9:Infinity":2,"s:10:24:10:Infinity":3,"s:11:30:11:Infinity":4,"s:12:24:12:Infinity":5,"s:13:28:13:Infinity":6,"s:15:17:42:Infinity":7,"f:15:17:15:24":1,"s:16:4:16:Infinity":8,"s:17:4:17:Infinity":9,"s:18:4:18:Infinity":10,"s:20:4:41:Infinity":11,"s:21:18:25:Infinity":12,"s:27:19:27:Infinity":13,"b:29:6:33:Infinity:undefined:undefined:undefined:undefined":0,"s:29:6:33:Infinity":14,"s:30:8:30:Infinity":15,"b:30:17:30:32:30:32:30:63":1,"s:31:8:31:Infinity":16,"s:32:8:32:Infinity":17,"s:35:6:35:Infinity":18,"s:36:6:36:Infinity":19,"s:38:6:38:Infinity":20,"s:40:6:40:Infinity":21,"s:44:2:95:Infinity":22,"f:56:24:56:25":2,"s:56:31:56:Infinity":23,"f:67:24:67:25":3,"s:67:31:67:Infinity":24,"f:79:24:79:25":4,"s:79:31:79:Infinity":25,"b:84:11:84:20:84:20:84:Infinity":2,"b:87:23:87:39:87:39:87:Infinity":3}}}
}
