<?xml version="1.0" encoding="UTF-8"?>
<coverage generated="1765826197075" clover="3.2.0">
  <project timestamp="1765826197075" name="All files">
    <metrics statements="142" coveredstatements="136" conditionals="78" coveredconditionals="65" methods="38" coveredmethods="34" elements="258" coveredelements="235" complexity="0" loc="142" ncloc="142" packages="1" files="8" classes="8"/>
    <file name="AdminUsers.tsx" path="C:\depots\Automne 2025\Developpement Application\projet_final_devApp\SPL\src\AdminUsers.tsx">
      <metrics statements="20" coveredstatements="19" conditionals="10" coveredconditionals="8" methods="11" coveredmethods="10"/>
      <line num="14" count="7" type="stmt"/>
      <line num="15" count="7" type="stmt"/>
      <line num="16" count="7" type="stmt"/>
      <line num="17" count="7" type="stmt"/>
      <line num="20" count="7" type="stmt"/>
      <line num="21" count="3" type="stmt"/>
      <line num="25" count="3" type="cond" truecount="1" falsecount="1"/>
      <line num="26" count="3" type="stmt"/>
      <line num="28" count="3" type="stmt"/>
      <line num="29" count="0" type="stmt"/>
      <line num="30" count="3" type="stmt"/>
      <line num="33" count="7" type="stmt"/>
      <line num="34" count="2" type="cond" truecount="2" falsecount="0"/>
      <line num="36" count="1" type="stmt"/>
      <line num="41" count="1" type="stmt"/>
      <line num="44" count="7" type="cond" truecount="2" falsecount="0"/>
      <line num="45" count="4" type="cond" truecount="1" falsecount="1"/>
      <line num="47" count="4" type="stmt"/>
      <line num="62" count="4" type="stmt"/>
      <line num="73" count="2" type="stmt"/>
    </file>
    <file name="AuthContext.ts" path="C:\depots\Automne 2025\Developpement Application\projet_final_devApp\SPL\src\AuthContext.ts">
      <metrics statements="1" coveredstatements="1" conditionals="0" coveredconditionals="0" methods="2" coveredmethods="0"/>
      <line num="18" count="3" type="stmt"/>
    </file>
    <file name="AuthFooter.tsx" path="C:\depots\Automne 2025\Developpement Application\projet_final_devApp\SPL\src\AuthFooter.tsx">
      <metrics statements="1" coveredstatements="1" conditionals="6" coveredconditionals="5" methods="1" coveredmethods="1"/>
      <line num="18" count="47" type="stmt"/>
    </file>
    <file name="Builds.tsx" path="C:\depots\Automne 2025\Developpement Application\projet_final_devApp\SPL\src\Builds.tsx">
      <metrics statements="22" coveredstatements="19" conditionals="14" coveredconditionals="11" methods="10" coveredmethods="9"/>
      <line num="17" count="15" type="stmt"/>
      <line num="18" count="15" type="stmt"/>
      <line num="19" count="15" type="stmt"/>
      <line num="21" count="15" type="stmt"/>
      <line num="22" count="7" type="stmt"/>
      <line num="23" count="7" type="stmt"/>
      <line num="25" count="7" type="cond" truecount="1" falsecount="1"/>
      <line num="26" count="0" type="stmt"/>
      <line num="28" count="0" type="stmt"/>
      <line num="29" count="7" type="stmt"/>
      <line num="32" count="15" type="stmt"/>
      <line num="60" count="7" type="stmt"/>
      <line num="78" count="2" type="cond" truecount="1" falsecount="1"/>
      <line num="83" count="0" type="stmt"/>
      <line num="84" count="2" type="stmt"/>
      <line num="85" count="2" type="stmt"/>
      <line num="91" count="2" type="cond" truecount="2" falsecount="0"/>
      <line num="92" count="1" type="stmt"/>
      <line num="93" count="1" type="stmt"/>
      <line num="94" count="1" type="stmt"/>
      <line num="97" count="1" type="stmt"/>
      <line num="98" count="1" type="stmt"/>
    </file>
    <file name="Header.tsx" path="C:\depots\Automne 2025\Developpement Application\projet_final_devApp\SPL\src\Header.tsx">
      <metrics statements="3" coveredstatements="3" conditionals="10" coveredconditionals="8" methods="1" coveredmethods="1"/>
      <line num="7" count="4" type="stmt"/>
      <line num="8" count="4" type="cond" truecount="2" falsecount="0"/>
      <line num="10" count="4" type="stmt"/>
    </file>
    <file name="Login.tsx" path="C:\depots\Automne 2025\Developpement Application\projet_final_devApp\SPL\src\Login.tsx">
      <metrics statements="24" coveredstatements="24" conditionals="7" coveredconditionals="5" methods="4" coveredmethods="4"/>
      <line num="9" count="24" type="stmt"/>
      <line num="10" count="24" type="stmt"/>
      <line num="12" count="24" type="stmt"/>
      <line num="13" count="24" type="stmt"/>
      <line num="14" count="24" type="stmt"/>
      <line num="15" count="24" type="stmt"/>
      <line num="17" count="24" type="stmt"/>
      <line num="18" count="4" type="stmt"/>
      <line num="19" count="4" type="stmt"/>
      <line num="20" count="4" type="stmt"/>
      <line num="22" count="4" type="stmt"/>
      <line num="23" count="4" type="stmt"/>
      <line num="28" count="3" type="stmt"/>
      <line num="30" count="3" type="cond" truecount="2" falsecount="0"/>
      <line num="31" count="2" type="cond" truecount="2" falsecount="0"/>
      <line num="32" count="2" type="stmt"/>
      <line num="33" count="2" type="stmt"/>
      <line num="36" count="1" type="stmt"/>
      <line num="45" count="4" type="stmt"/>
      <line num="47" count="1" type="stmt"/>
      <line num="49" count="4" type="stmt"/>
      <line num="53" count="24" type="stmt"/>
      <line num="65" count="5" type="stmt"/>
      <line num="76" count="5" type="stmt"/>
    </file>
    <file name="NewBuild.tsx" path="C:\depots\Automne 2025\Developpement Application\projet_final_devApp\SPL\src\NewBuild.tsx">
      <metrics statements="45" coveredstatements="44" conditionals="27" coveredconditionals="24" methods="4" coveredmethods="4"/>
      <line num="7" count="52" type="stmt"/>
      <line num="14" count="52" type="stmt"/>
      <line num="15" count="52" type="stmt"/>
      <line num="16" count="52" type="stmt"/>
      <line num="17" count="52" type="stmt"/>
      <line num="19" count="52" type="stmt"/>
      <line num="24" count="27" type="stmt"/>
      <line num="27" count="52" type="stmt"/>
      <line num="28" count="8" type="stmt"/>
      <line num="29" count="8" type="stmt"/>
      <line num="31" count="8" type="cond" truecount="4" falsecount="0"/>
      <line num="32" count="2" type="stmt"/>
      <line num="33" count="2" type="stmt"/>
      <line num="36" count="6" type="stmt"/>
      <line num="37" count="6" type="stmt"/>
      <line num="38" count="6" type="stmt"/>
      <line num="39" count="6" type="stmt"/>
      <line num="40" count="6" type="stmt"/>
      <line num="41" count="6" type="stmt"/>
      <line num="42" count="6" type="stmt"/>
      <line num="44" count="6" type="stmt"/>
      <line num="45" count="6" type="stmt"/>
      <line num="46" count="6" type="cond" truecount="2" falsecount="0"/>
      <line num="47" count="6" type="cond" truecount="2" falsecount="0"/>
      <line num="48" count="6" type="stmt"/>
      <line num="50" count="6" type="cond" truecount="2" falsecount="0"/>
      <line num="51" count="1" type="stmt"/>
      <line num="54" count="6" type="stmt"/>
      <line num="60" count="6" type="cond" truecount="2" falsecount="0"/>
      <line num="61" count="3" type="stmt"/>
      <line num="62" count="3" type="stmt"/>
      <line num="63" count="3" type="stmt"/>
      <line num="64" count="1" type="cond" truecount="4" falsecount="1"/>
      <line num="65" count="0" type="stmt"/>
      <line num="68" count="2" type="stmt"/>
      <line num="70" count="3" type="stmt"/>
      <line num="73" count="3" type="stmt"/>
      <line num="74" count="3" type="cond" truecount="2" falsecount="0"/>
      <line num="75" count="1" type="stmt"/>
      <line num="78" count="2" type="stmt"/>
      <line num="80" count="4" type="stmt"/>
      <line num="81" count="4" type="cond" truecount="1" falsecount="1"/>
      <line num="85" count="52" type="stmt"/>
      <line num="86" count="3" type="stmt"/>
      <line num="89" count="52" type="stmt"/>
    </file>
    <file name="Signup.tsx" path="C:\depots\Automne 2025\Developpement Application\projet_final_devApp\SPL\src\Signup.tsx">
      <metrics statements="26" coveredstatements="25" conditionals="4" coveredconditionals="4" methods="5" coveredmethods="5"/>
      <line num="8" count="23" type="stmt"/>
      <line num="9" count="23" type="stmt"/>
      <line num="11" count="23" type="stmt"/>
      <line num="12" count="23" type="stmt"/>
      <line num="13" count="23" type="stmt"/>
      <line num="14" count="23" type="stmt"/>
      <line num="15" count="23" type="stmt"/>
      <line num="17" count="23" type="stmt"/>
      <line num="18" count="3" type="stmt"/>
      <line num="19" count="3" type="stmt"/>
      <line num="20" count="3" type="stmt"/>
      <line num="22" count="3" type="stmt"/>
      <line num="23" count="3" type="stmt"/>
      <line num="29" count="3" type="stmt"/>
      <line num="31" count="3" type="cond" truecount="2" falsecount="0"/>
      <line num="32" count="2" type="cond" truecount="2" falsecount="0"/>
      <line num="33" count="2" type="stmt"/>
      <line num="34" count="2" type="stmt"/>
      <line num="37" count="1" type="stmt"/>
      <line num="38" count="1" type="stmt"/>
      <line num="40" count="0" type="stmt"/>
      <line num="42" count="3" type="stmt"/>
      <line num="46" count="23" type="stmt"/>
      <line num="58" count="4" type="stmt"/>
      <line num="69" count="4" type="stmt"/>
      <line num="81" count="4" type="stmt"/>
    </file>
  </project>
</coverage>
