<?xml version="1.0" encoding="UTF-8"?>
<coverage generated="1765836544493" clover="3.2.0">
  <project timestamp="1765836544493" name="All files">
    <metrics statements="380" coveredstatements="359" conditionals="316" coveredconditionals="262" methods="103" coveredmethods="92" elements="799" coveredelements="713" complexity="0" loc="380" ncloc="380" packages="1" files="13" classes="13"/>
    <file name="AddVersion.tsx" path="C:\depots\Automne 2025\Developpement Application\projet_final_devApp\SPL\src\AddVersion.tsx">
      <metrics statements="55" coveredstatements="54" conditionals="38" coveredconditionals="33" methods="10" coveredmethods="9"/>
      <line num="13" count="37" type="stmt"/>
      <line num="14" count="37" type="stmt"/>
      <line num="15" count="37" type="stmt"/>
      <line num="16" count="37" type="stmt"/>
      <line num="17" count="37" type="stmt"/>
      <line num="18" count="37" type="stmt"/>
      <line num="19" count="37" type="stmt"/>
      <line num="20" count="37" type="stmt"/>
      <line num="22" count="37" type="stmt"/>
      <line num="24" count="8" type="cond" truecount="4" falsecount="0"/>
      <line num="25" count="1" type="stmt"/>
      <line num="26" count="1" type="stmt"/>
      <line num="30" count="7" type="cond" truecount="4" falsecount="0"/>
      <line num="31" count="1" type="stmt"/>
      <line num="35" count="37" type="stmt"/>
      <line num="36" count="8" type="stmt"/>
      <line num="37" count="8" type="stmt"/>
      <line num="38" count="8" type="stmt"/>
      <line num="39" count="6" type="cond" truecount="1" falsecount="1"/>
      <line num="40" count="6" type="stmt"/>
      <line num="41" count="6" type="stmt"/>
      <line num="47" count="2" type="stmt"/>
      <line num="54" count="8" type="stmt"/>
      <line num="57" count="37" type="stmt"/>
      <line num="58" count="5" type="stmt"/>
      <line num="60" count="5" type="cond" truecount="4" falsecount="0"/>
      <line num="61" count="1" type="stmt"/>
      <line num="62" count="1" type="stmt"/>
      <line num="65" count="4" type="stmt"/>
      <line num="66" count="4" type="stmt"/>
      <line num="67" count="4" type="stmt"/>
      <line num="68" count="4" type="stmt"/>
      <line num="70" count="4" type="stmt"/>
      <line num="71" count="4" type="stmt"/>
      <line num="72" count="4" type="stmt"/>
      <line num="73" count="4" type="stmt"/>
      <line num="75" count="4" type="stmt"/>
      <line num="82" count="3" type="stmt"/>
      <line num="84" count="3" type="stmt"/>
      <line num="86" count="3" type="cond" truecount="2" falsecount="0"/>
      <line num="87" count="1" type="cond" truecount="1" falsecount="1"/>
      <line num="90" count="2" type="cond" truecount="2" falsecount="0"/>
      <line num="91" count="1" type="stmt"/>
      <line num="95" count="1" type="stmt"/>
      <line num="96" count="1" type="stmt"/>
      <line num="97" count="1" type="stmt"/>
      <line num="99" count="3" type="cond" truecount="2" falsecount="0"/>
      <line num="100" count="2" type="stmt"/>
      <line num="101" count="1" type="cond" truecount="3" falsecount="1"/>
      <line num="102" count="1" type="stmt"/>
      <line num="104" count="0" type="stmt"/>
      <line num="109" count="37" type="stmt"/>
      <line num="120" count="5" type="stmt"/>
      <line num="134" count="4" type="stmt"/>
      <line num="145" count="4" type="cond" truecount="1" falsecount="1"/>
    </file>
    <file name="AdminUsers.tsx" path="C:\depots\Automne 2025\Developpement Application\projet_final_devApp\SPL\src\AdminUsers.tsx">
      <metrics statements="20" coveredstatements="19" conditionals="10" coveredconditionals="8" methods="11" coveredmethods="10"/>
      <line num="14" count="7" type="stmt"/>
      <line num="15" count="7" type="stmt"/>
      <line num="16" count="7" type="stmt"/>
      <line num="17" count="7" type="stmt"/>
      <line num="20" count="7" type="stmt"/>
      <line num="21" count="3" type="stmt"/>
      <line num="25" count="3" type="cond" truecount="1" falsecount="1"/>
      <line num="26" count="3" type="stmt"/>
      <line num="28" count="3" type="stmt"/>
      <line num="29" count="0" type="stmt"/>
      <line num="30" count="3" type="stmt"/>
      <line num="33" count="7" type="stmt"/>
      <line num="34" count="2" type="cond" truecount="2" falsecount="0"/>
      <line num="36" count="1" type="stmt"/>
      <line num="41" count="1" type="stmt"/>
      <line num="44" count="7" type="cond" truecount="2" falsecount="0"/>
      <line num="45" count="4" type="cond" truecount="1" falsecount="1"/>
      <line num="47" count="4" type="stmt"/>
      <line num="62" count="4" type="stmt"/>
      <line num="73" count="2" type="stmt"/>
    </file>
    <file name="AuthContext.ts" path="C:\depots\Automne 2025\Developpement Application\projet_final_devApp\SPL\src\AuthContext.ts">
      <metrics statements="1" coveredstatements="1" conditionals="0" coveredconditionals="0" methods="2" coveredmethods="0"/>
      <line num="18" count="8" type="stmt"/>
    </file>
    <file name="AuthFooter.tsx" path="C:\depots\Automne 2025\Developpement Application\projet_final_devApp\SPL\src\AuthFooter.tsx">
      <metrics statements="1" coveredstatements="1" conditionals="6" coveredconditionals="5" methods="1" coveredmethods="1"/>
      <line num="18" count="52" type="stmt"/>
    </file>
    <file name="BuildDetail.tsx" path="C:\depots\Automne 2025\Developpement Application\projet_final_devApp\SPL\src\BuildDetail.tsx">
      <metrics statements="46" coveredstatements="40" conditionals="74" coveredconditionals="57" methods="17" coveredmethods="16"/>
      <line num="29" count="7" type="stmt"/>
      <line num="30" count="7" type="stmt"/>
      <line num="31" count="7" type="stmt"/>
      <line num="32" count="7" type="stmt"/>
      <line num="33" count="7" type="stmt"/>
      <line num="35" count="7" type="stmt"/>
      <line num="36" count="4" type="cond" truecount="2" falsecount="0"/>
      <line num="37" count="2" type="stmt"/>
      <line num="38" count="2" type="cond" truecount="4" falsecount="0"/>
      <line num="39" count="1" type="cond" truecount="1" falsecount="1"/>
      <line num="44" count="0" type="stmt"/>
      <line num="45" count="1" type="cond" truecount="1" falsecount="1"/>
      <line num="46" count="1" type="cond" truecount="1" falsecount="1"/>
      <line num="51" count="1" type="stmt"/>
      <line num="52" count="0" type="stmt"/>
      <line num="55" count="7" type="stmt"/>
      <line num="56" count="1" type="stmt"/>
      <line num="60" count="1" type="stmt"/>
      <line num="64" count="1" type="stmt"/>
      <line num="65" count="1" type="cond" truecount="2" falsecount="2"/>
      <line num="66" count="1" type="cond" truecount="1" falsecount="1"/>
      <line num="68" count="0" type="stmt"/>
      <line num="71" count="7" type="stmt"/>
      <line num="72" count="3" type="stmt"/>
      <line num="73" count="3" type="stmt"/>
      <line num="75" count="3" type="stmt"/>
      <line num="86" count="3" type="stmt"/>
      <line num="88" count="3" type="stmt"/>
      <line num="91" count="3" type="stmt"/>
      <line num="93" count="3" type="stmt"/>
      <line num="94" count="1" type="cond" truecount="2" falsecount="2"/>
      <line num="96" count="3" type="stmt"/>
      <line num="98" count="0" type="stmt"/>
      <line num="101" count="7" type="cond" truecount="2" falsecount="0"/>
      <line num="102" count="4" type="cond" truecount="1" falsecount="1"/>
      <line num="104" count="4" type="stmt"/>
      <line num="143" count="2" type="cond" truecount="2" falsecount="0"/>
      <line num="144" count="2" type="stmt"/>
      <line num="186" count="3" type="stmt"/>
      <line num="206" count="1" type="cond" truecount="1" falsecount="1"/>
      <line num="207" count="1" type="stmt"/>
      <line num="208" count="1" type="stmt"/>
      <line num="212" count="1" type="stmt"/>
      <line num="213" count="1" type="stmt"/>
      <line num="216" count="0" type="stmt"/>
      <line num="217" count="0" type="stmt"/>
    </file>
    <file name="Builds.tsx" path="C:\depots\Automne 2025\Developpement Application\projet_final_devApp\SPL\src\Builds.tsx">
      <metrics statements="22" coveredstatements="19" conditionals="14" coveredconditionals="11" methods="10" coveredmethods="9"/>
      <line num="17" count="15" type="stmt"/>
      <line num="18" count="15" type="stmt"/>
      <line num="19" count="15" type="stmt"/>
      <line num="21" count="15" type="stmt"/>
      <line num="22" count="7" type="stmt"/>
      <line num="23" count="7" type="stmt"/>
      <line num="25" count="7" type="cond" truecount="1" falsecount="1"/>
      <line num="26" count="0" type="stmt"/>
      <line num="28" count="0" type="stmt"/>
      <line num="29" count="7" type="stmt"/>
      <line num="32" count="15" type="stmt"/>
      <line num="60" count="7" type="stmt"/>
      <line num="78" count="2" type="cond" truecount="1" falsecount="1"/>
      <line num="83" count="0" type="stmt"/>
      <line num="84" count="2" type="stmt"/>
      <line num="85" count="2" type="stmt"/>
      <line num="91" count="2" type="cond" truecount="2" falsecount="0"/>
      <line num="92" count="1" type="stmt"/>
      <line num="93" count="1" type="stmt"/>
      <line num="94" count="1" type="stmt"/>
      <line num="97" count="1" type="stmt"/>
      <line num="98" count="1" type="stmt"/>
    </file>
    <file name="EditBuild.tsx" path="C:\depots\Automne 2025\Developpement Application\projet_final_devApp\SPL\src\EditBuild.tsx">
      <metrics statements="35" coveredstatements="33" conditionals="34" coveredconditionals="28" methods="11" coveredmethods="8"/>
      <line num="16" count="13" type="stmt"/>
      <line num="17" count="13" type="stmt"/>
      <line num="18" count="13" type="stmt"/>
      <line num="19" count="13" type="stmt"/>
      <line num="27" count="13" type="stmt"/>
      <line num="28" count="13" type="stmt"/>
      <line num="29" count="13" type="stmt"/>
      <line num="31" count="13" type="stmt"/>
      <line num="32" count="4" type="cond" truecount="1" falsecount="1"/>
      <line num="33" count="4" type="stmt"/>
      <line num="34" count="4" type="stmt"/>
      <line num="36" count="3" type="cond" truecount="1" falsecount="1"/>
      <line num="37" count="3" type="stmt"/>
      <line num="40" count="3" type="stmt"/>
      <line num="50" count="0" type="cond" truecount="0" falsecount="2"/>
      <line num="52" count="3" type="stmt"/>
      <line num="55" count="13" type="cond" truecount="4" falsecount="0"/>
      <line num="57" count="11" type="stmt"/>
      <line num="60" count="2" type="stmt"/>
      <line num="61" count="2" type="stmt"/>
      <line num="62" count="2" type="stmt"/>
      <line num="65" count="11" type="stmt"/>
      <line num="66" count="2" type="stmt"/>
      <line num="67" count="2" type="stmt"/>
      <line num="68" count="2" type="stmt"/>
      <line num="69" count="2" type="stmt"/>
      <line num="70" count="2" type="stmt"/>
      <line num="78" count="2" type="cond" truecount="2" falsecount="0"/>
      <line num="79" count="1" type="stmt"/>
      <line num="81" count="1" type="cond" truecount="1" falsecount="1"/>
      <line num="82" count="1" type="stmt"/>
      <line num="84" count="2" type="stmt"/>
      <line num="88" count="11" type="cond" truecount="2" falsecount="0"/>
      <line num="90" count="8" type="stmt"/>
      <line num="112" count="0" type="stmt"/>
    </file>
    <file name="EditUser.tsx" path="C:\depots\Automne 2025\Developpement Application\projet_final_devApp\SPL\src\EditUser.tsx">
      <metrics statements="25" coveredstatements="24" conditionals="12" coveredconditionals="9" methods="8" coveredmethods="7"/>
      <line num="8" count="11" type="stmt"/>
      <line num="9" count="11" type="stmt"/>
      <line num="10" count="11" type="stmt"/>
      <line num="11" count="11" type="stmt"/>
      <line num="12" count="11" type="stmt"/>
      <line num="13" count="11" type="stmt"/>
      <line num="14" count="11" type="stmt"/>
      <line num="16" count="11" type="stmt"/>
      <line num="17" count="3" type="cond" truecount="2" falsecount="0"/>
      <line num="18" count="2" type="stmt"/>
      <line num="21" count="2" type="stmt"/>
      <line num="23" count="2" type="cond" truecount="1" falsecount="1"/>
      <line num="24" count="2" type="cond" truecount="1" falsecount="1"/>
      <line num="25" count="2" type="cond" truecount="1" falsecount="1"/>
      <line num="29" count="11" type="stmt"/>
      <line num="30" count="3" type="stmt"/>
      <line num="31" count="3" type="cond" truecount="2" falsecount="0"/>
      <line num="32" count="2" type="stmt"/>
      <line num="33" count="2" type="stmt"/>
      <line num="41" count="2" type="stmt"/>
      <line num="42" count="2" type="stmt"/>
      <line num="45" count="11" type="stmt"/>
      <line num="54" count="1" type="stmt"/>
      <line num="61" count="0" type="stmt"/>
      <line num="68" count="1" type="stmt"/>
    </file>
    <file name="Header.tsx" path="C:\depots\Automne 2025\Developpement Application\projet_final_devApp\SPL\src\Header.tsx">
      <metrics statements="3" coveredstatements="3" conditionals="10" coveredconditionals="8" methods="1" coveredmethods="1"/>
      <line num="7" count="4" type="stmt"/>
      <line num="8" count="4" type="cond" truecount="2" falsecount="0"/>
      <line num="10" count="4" type="stmt"/>
    </file>
    <file name="Login.tsx" path="C:\depots\Automne 2025\Developpement Application\projet_final_devApp\SPL\src\Login.tsx">
      <metrics statements="24" coveredstatements="24" conditionals="7" coveredconditionals="6" methods="4" coveredmethods="4"/>
      <line num="9" count="29" type="stmt"/>
      <line num="10" count="29" type="stmt"/>
      <line num="12" count="29" type="stmt"/>
      <line num="13" count="29" type="stmt"/>
      <line num="14" count="29" type="stmt"/>
      <line num="15" count="29" type="stmt"/>
      <line num="17" count="29" type="stmt"/>
      <line num="18" count="5" type="stmt"/>
      <line num="19" count="5" type="stmt"/>
      <line num="20" count="5" type="stmt"/>
      <line num="22" count="5" type="stmt"/>
      <line num="23" count="5" type="stmt"/>
      <line num="28" count="4" type="stmt"/>
      <line num="30" count="4" type="cond" truecount="2" falsecount="0"/>
      <line num="31" count="2" type="cond" truecount="2" falsecount="0"/>
      <line num="32" count="2" type="stmt"/>
      <line num="33" count="2" type="stmt"/>
      <line num="36" count="2" type="stmt"/>
      <line num="45" count="5" type="stmt"/>
      <line num="47" count="1" type="stmt"/>
      <line num="49" count="5" type="stmt"/>
      <line num="53" count="29" type="stmt"/>
      <line num="65" count="6" type="stmt"/>
      <line num="76" count="6" type="stmt"/>
    </file>
    <file name="NewBuild.tsx" path="C:\depots\Automne 2025\Developpement Application\projet_final_devApp\SPL\src\NewBuild.tsx">
      <metrics statements="45" coveredstatements="44" conditionals="27" coveredconditionals="24" methods="4" coveredmethods="4"/>
      <line num="7" count="52" type="stmt"/>
      <line num="14" count="52" type="stmt"/>
      <line num="15" count="52" type="stmt"/>
      <line num="16" count="52" type="stmt"/>
      <line num="17" count="52" type="stmt"/>
      <line num="19" count="52" type="stmt"/>
      <line num="24" count="27" type="stmt"/>
      <line num="27" count="52" type="stmt"/>
      <line num="28" count="8" type="stmt"/>
      <line num="29" count="8" type="stmt"/>
      <line num="31" count="8" type="cond" truecount="4" falsecount="0"/>
      <line num="32" count="2" type="stmt"/>
      <line num="33" count="2" type="stmt"/>
      <line num="36" count="6" type="stmt"/>
      <line num="37" count="6" type="stmt"/>
      <line num="38" count="6" type="stmt"/>
      <line num="39" count="6" type="stmt"/>
      <line num="40" count="6" type="stmt"/>
      <line num="41" count="6" type="stmt"/>
      <line num="42" count="6" type="stmt"/>
      <line num="44" count="6" type="stmt"/>
      <line num="45" count="6" type="stmt"/>
      <line num="46" count="6" type="cond" truecount="2" falsecount="0"/>
      <line num="47" count="6" type="cond" truecount="2" falsecount="0"/>
      <line num="48" count="6" type="stmt"/>
      <line num="50" count="6" type="cond" truecount="2" falsecount="0"/>
      <line num="51" count="1" type="stmt"/>
      <line num="54" count="6" type="stmt"/>
      <line num="60" count="6" type="cond" truecount="2" falsecount="0"/>
      <line num="61" count="3" type="stmt"/>
      <line num="62" count="3" type="stmt"/>
      <line num="63" count="3" type="stmt"/>
      <line num="64" count="1" type="cond" truecount="4" falsecount="1"/>
      <line num="65" count="0" type="stmt"/>
      <line num="68" count="2" type="stmt"/>
      <line num="70" count="3" type="stmt"/>
      <line num="73" count="3" type="stmt"/>
      <line num="74" count="3" type="cond" truecount="2" falsecount="0"/>
      <line num="75" count="1" type="stmt"/>
      <line num="78" count="2" type="stmt"/>
      <line num="80" count="4" type="stmt"/>
      <line num="81" count="4" type="cond" truecount="1" falsecount="1"/>
      <line num="85" count="52" type="stmt"/>
      <line num="86" count="3" type="stmt"/>
      <line num="89" count="52" type="stmt"/>
    </file>
    <file name="Signup.tsx" path="C:\depots\Automne 2025\Developpement Application\projet_final_devApp\SPL\src\Signup.tsx">
      <metrics statements="26" coveredstatements="25" conditionals="4" coveredconditionals="4" methods="5" coveredmethods="5"/>
      <line num="8" count="23" type="stmt"/>
      <line num="9" count="23" type="stmt"/>
      <line num="11" count="23" type="stmt"/>
      <line num="12" count="23" type="stmt"/>
      <line num="13" count="23" type="stmt"/>
      <line num="14" count="23" type="stmt"/>
      <line num="15" count="23" type="stmt"/>
      <line num="17" count="23" type="stmt"/>
      <line num="18" count="3" type="stmt"/>
      <line num="19" count="3" type="stmt"/>
      <line num="20" count="3" type="stmt"/>
      <line num="22" count="3" type="stmt"/>
      <line num="23" count="3" type="stmt"/>
      <line num="29" count="3" type="stmt"/>
      <line num="31" count="3" type="cond" truecount="2" falsecount="0"/>
      <line num="32" count="2" type="cond" truecount="2" falsecount="0"/>
      <line num="33" count="2" type="stmt"/>
      <line num="34" count="2" type="stmt"/>
      <line num="37" count="1" type="stmt"/>
      <line num="38" count="1" type="stmt"/>
      <line num="40" count="0" type="stmt"/>
      <line num="42" count="3" type="stmt"/>
      <line num="46" count="23" type="stmt"/>
      <line num="58" count="4" type="stmt"/>
      <line num="69" count="4" type="stmt"/>
      <line num="81" count="4" type="stmt"/>
    </file>
    <file name="VersionDetail.tsx" path="C:\depots\Automne 2025\Developpement Application\projet_final_devApp\SPL\src\VersionDetail.tsx">
      <metrics statements="77" coveredstatements="72" conditionals="80" coveredconditionals="69" methods="19" coveredmethods="18"/>
      <line num="27" count="24" type="stmt"/>
      <line num="28" count="24" type="stmt"/>
      <line num="29" count="24" type="stmt"/>
      <line num="30" count="24" type="stmt"/>
      <line num="31" count="24" type="stmt"/>
      <line num="32" count="24" type="stmt"/>
      <line num="33" count="24" type="stmt"/>
      <line num="34" count="24" type="stmt"/>
      <line num="36" count="24" type="stmt"/>
      <line num="37" count="8" type="stmt"/>
      <line num="41" count="8" type="cond" truecount="2" falsecount="0"/>
      <line num="42" count="7" type="stmt"/>
      <line num="45" count="7" type="stmt"/>
      <line num="46" count="7" type="stmt"/>
      <line num="49" count="7" type="cond" truecount="1" falsecount="1"/>
      <line num="50" count="7" type="stmt"/>
      <line num="53" count="7" type="stmt"/>
      <line num="56" count="1" type="stmt"/>
      <line num="58" count="8" type="stmt"/>
      <line num="61" count="24" type="stmt"/>
      <line num="62" count="15" type="cond" truecount="2" falsecount="0"/>
      <line num="63" count="7" type="stmt"/>
      <line num="64" count="7" type="cond" truecount="1" falsecount="1"/>
      <line num="65" count="7" type="cond" truecount="4" falsecount="0"/>
      <line num="66" count="1" type="stmt"/>
      <line num="67" count="6" type="cond" truecount="4" falsecount="0"/>
      <line num="68" count="2" type="stmt"/>
      <line num="69" count="2" type="cond" truecount="2" falsecount="0"/>
      <line num="75" count="1" type="stmt"/>
      <line num="77" count="5" type="cond" truecount="3" falsecount="1"/>
      <line num="78" count="5" type="stmt"/>
      <line num="79" count="25" type="stmt"/>
      <line num="82" count="0" type="stmt"/>
      <line num="85" count="7" type="cond" truecount="2" falsecount="0"/>
      <line num="86" count="5" type="stmt"/>
      <line num="87" count="5" type="stmt"/>
      <line num="90" count="2" type="stmt"/>
      <line num="94" count="2" type="cond" truecount="1" falsecount="1"/>
      <line num="95" count="2" type="cond" truecount="1" falsecount="1"/>
      <line num="99" count="2" type="stmt"/>
      <line num="101" count="0" type="stmt"/>
      <line num="104" count="2" type="cond" truecount="1" falsecount="1"/>
      <line num="107" count="0" type="stmt"/>
      <line num="111" count="24" type="cond" truecount="2" falsecount="0"/>
      <line num="112" count="16" type="cond" truecount="4" falsecount="0"/>
      <line num="113" count="15" type="stmt"/>
      <line num="114" count="15" type="cond" truecount="1" falsecount="1"/>
      <line num="115" count="15" type="cond" truecount="2" falsecount="0"/>
      <line num="116" count="15" type="cond" truecount="4" falsecount="0"/>
      <line num="117" count="10" type="cond" truecount="1" falsecount="1"/>
      <line num="118" count="10" type="stmt"/>
      <line num="119" count="10" type="cond" truecount="2" falsecount="0"/>
      <line num="121" count="2" type="stmt"/>
      <line num="124" count="15" type="stmt"/>
      <line num="141" count="2" type="stmt"/>
      <line num="142" count="2" type="stmt"/>
      <line num="149" count="2" type="cond" truecount="2" falsecount="0"/>
      <line num="150" count="1" type="stmt"/>
      <line num="154" count="1" type="stmt"/>
      <line num="157" count="1" type="stmt"/>
      <line num="160" count="1" type="stmt"/>
      <line num="161" count="1" type="stmt"/>
      <line num="162" count="1" type="stmt"/>
      <line num="163" count="1" type="stmt"/>
      <line num="164" count="1" type="stmt"/>
      <line num="167" count="1" type="stmt"/>
      <line num="168" count="1" type="stmt"/>
      <line num="170" count="1" type="stmt"/>
      <line num="171" count="1" type="stmt"/>
      <line num="181" count="2" type="cond" truecount="2" falsecount="0"/>
      <line num="182" count="1" type="stmt"/>
      <line num="183" count="1" type="stmt"/>
      <line num="187" count="1" type="cond" truecount="1" falsecount="1"/>
      <line num="188" count="1" type="stmt"/>
      <line num="190" count="0" type="stmt"/>
      <line num="191" count="0" type="stmt"/>
      <line num="234" count="1" type="stmt"/>
    </file>
  </project>
</coverage>
