TN:
SF:src\AddVersion.tsx
FN:12,AddVersion
FN:22,(anonymous_1)
FN:35,(anonymous_2)
FN:36,(anonymous_3)
FN:57,(anonymous_4)
FN:73,(anonymous_5)
FN:95,(anonymous_6)
FN:120,(anonymous_7)
FN:134,(anonymous_8)
FN:145,(anonymous_9)
FNF:10
FNH:9
FNDA:37,AddVersion
FNDA:8,(anonymous_1)
FNDA:8,(anonymous_2)
FNDA:8,(anonymous_3)
FNDA:5,(anonymous_4)
FNDA:0,(anonymous_5)
FNDA:1,(anonymous_6)
FNDA:5,(anonymous_7)
FNDA:4,(anonymous_8)
FNDA:4,(anonymous_9)
DA:13,37
DA:14,37
DA:15,37
DA:16,37
DA:17,37
DA:18,37
DA:19,37
DA:20,37
DA:22,37
DA:24,8
DA:25,1
DA:26,1
DA:30,7
DA:31,1
DA:35,37
DA:36,8
DA:37,8
DA:38,8
DA:39,6
DA:40,6
DA:41,6
DA:47,2
DA:54,8
DA:57,37
DA:58,5
DA:60,5
DA:61,1
DA:62,1
DA:65,4
DA:66,4
DA:67,4
DA:68,4
DA:70,4
DA:71,4
DA:72,4
DA:73,4
DA:75,4
DA:82,3
DA:84,3
DA:86,3
DA:87,1
DA:90,2
DA:91,1
DA:95,1
DA:96,1
DA:97,1
DA:99,3
DA:100,2
DA:101,1
DA:102,1
DA:104,0
DA:109,37
DA:120,5
DA:134,4
DA:145,4
LF:55
LH:54
BRDA:24,0,0,1
BRDA:24,0,1,7
BRDA:24,1,0,8
BRDA:24,1,1,1
BRDA:30,2,0,1
BRDA:30,2,1,6
BRDA:30,3,0,7
BRDA:30,3,1,7
BRDA:39,4,0,0
BRDA:39,4,1,6
BRDA:44,5,0,6
BRDA:44,5,1,5
BRDA:48,6,0,1
BRDA:48,6,1,1
BRDA:60,7,0,1
BRDA:60,7,1,4
BRDA:60,8,0,5
BRDA:60,8,1,4
BRDA:77,9,0,4
BRDA:77,9,1,0
BRDA:86,10,0,1
BRDA:86,10,1,2
BRDA:87,11,0,1
BRDA:87,11,1,0
BRDA:90,12,0,1
BRDA:90,12,1,1
BRDA:99,13,0,2
BRDA:99,13,1,1
BRDA:101,14,0,1
BRDA:101,14,1,0
BRDA:101,15,0,1
BRDA:101,15,1,1
BRDA:112,16,0,37
BRDA:112,16,1,9
BRDA:122,17,0,1
BRDA:122,17,1,36
BRDA:145,18,0,4
BRDA:145,18,1,0
BRF:38
BRH:33
end_of_record
TN:
SF:src\AdminUsers.tsx
FN:13,AdminUsers
FN:20,(anonymous_1)
FN:24,(anonymous_2)
FN:28,(anonymous_3)
FN:29,(anonymous_4)
FN:30,(anonymous_5)
FN:33,(anonymous_6)
FN:41,(anonymous_7)
FN:41,(anonymous_8)
FN:61,(anonymous_9)
FN:73,(anonymous_10)
FNF:11
FNH:10
FNDA:7,AdminUsers
FNDA:3,(anonymous_1)
FNDA:3,(anonymous_2)
FNDA:3,(anonymous_3)
FNDA:0,(anonymous_4)
FNDA:3,(anonymous_5)
FNDA:2,(anonymous_6)
FNDA:1,(anonymous_7)
FNDA:1,(anonymous_8)
FNDA:4,(anonymous_9)
FNDA:2,(anonymous_10)
DA:14,7
DA:15,7
DA:16,7
DA:17,7
DA:20,7
DA:21,3
DA:25,3
DA:26,3
DA:28,3
DA:29,0
DA:30,3
DA:33,7
DA:34,2
DA:36,1
DA:41,1
DA:44,7
DA:45,4
DA:47,4
DA:62,4
DA:73,2
LF:20
LH:19
BRDA:25,0,0,0
BRDA:25,0,1,3
BRDA:34,1,0,1
BRDA:34,1,1,1
BRDA:44,2,0,3
BRDA:44,2,1,4
BRDA:45,3,0,0
BRDA:45,3,1,4
BRDA:66,4,0,1
BRDA:66,4,1,3
BRF:10
BRH:8
end_of_record
TN:
SF:src\AuthContext.ts
FN:21,(anonymous_0)
FN:22,(anonymous_1)
FNF:2
FNH:0
FNDA:0,(anonymous_0)
FNDA:0,(anonymous_1)
DA:18,8
LF:1
LH:1
BRF:0
BRH:0
end_of_record
TN:
SF:src\AuthFooter.tsx
FN:11,AuthFooter
FNF:1
FNH:1
FNDA:52,AuthFooter
DA:18,52
LF:1
LH:1
BRDA:20,0,0,52
BRDA:20,0,1,5
BRDA:23,1,0,8
BRDA:23,1,1,44
BRDA:23,2,0,8
BRDA:23,2,1,0
BRF:6
BRH:5
end_of_record
TN:
SF:src\BuildDetail.tsx
FN:28,BuildDetail
FN:35,(anonymous_1)
FN:55,(anonymous_2)
FN:71,(anonymous_3)
FN:73,(anonymous_4)
FN:74,(anonymous_5)
FN:86,(anonymous_6)
FN:91,(anonymous_7)
FN:92,(anonymous_8)
FN:93,(anonymous_9)
FN:98,(anonymous_10)
FN:141,(anonymous_11)
FN:143,(anonymous_12)
FN:185,(anonymous_13)
FN:205,(anonymous_14)
FN:212,(anonymous_15)
FN:213,(anonymous_16)
FNF:17
FNH:16
FNDA:7,BuildDetail
FNDA:4,(anonymous_1)
FNDA:1,(anonymous_2)
FNDA:3,(anonymous_3)
FNDA:3,(anonymous_4)
FNDA:3,(anonymous_5)
FNDA:3,(anonymous_6)
FNDA:3,(anonymous_7)
FNDA:3,(anonymous_8)
FNDA:1,(anonymous_9)
FNDA:0,(anonymous_10)
FNDA:2,(anonymous_11)
FNDA:2,(anonymous_12)
FNDA:3,(anonymous_13)
FNDA:1,(anonymous_14)
FNDA:1,(anonymous_15)
FNDA:1,(anonymous_16)
DA:29,7
DA:30,7
DA:31,7
DA:32,7
DA:33,7
DA:35,7
DA:36,4
DA:37,2
DA:38,2
DA:39,1
DA:44,0
DA:45,1
DA:46,1
DA:51,1
DA:52,0
DA:55,7
DA:56,1
DA:60,1
DA:64,1
DA:65,1
DA:66,1
DA:68,0
DA:71,7
DA:72,3
DA:73,3
DA:75,3
DA:86,3
DA:88,3
DA:91,3
DA:93,3
DA:94,1
DA:96,3
DA:98,0
DA:101,7
DA:102,4
DA:104,4
DA:143,2
DA:144,2
DA:186,3
DA:206,1
DA:207,1
DA:208,1
DA:212,1
DA:213,1
DA:216,0
DA:217,0
LF:46
LH:40
BRDA:36,0,0,2
BRDA:36,0,1,2
BRDA:38,1,0,1
BRDA:38,1,1,1
BRDA:38,2,0,2
BRDA:38,2,1,1
BRDA:39,3,0,0
BRDA:39,3,1,1
BRDA:40,4,0,1
BRDA:40,4,1,1
BRDA:40,4,2,1
BRDA:45,5,0,0
BRDA:45,5,1,1
BRDA:46,6,0,1
BRDA:46,6,1,0
BRDA:47,7,0,1
BRDA:47,7,1,0
BRDA:47,7,2,0
BRDA:65,8,0,1
BRDA:65,8,1,0
BRDA:65,9,0,1
BRDA:65,9,1,0
BRDA:66,10,0,1
BRDA:66,10,1,0
BRDA:77,11,0,3
BRDA:77,11,1,0
BRDA:78,12,0,3
BRDA:78,12,1,2
BRDA:79,13,0,3
BRDA:79,13,1,2
BRDA:80,14,0,3
BRDA:80,14,1,1
BRDA:81,15,0,3
BRDA:81,15,1,1
BRDA:83,16,0,3
BRDA:83,16,1,0
BRDA:83,16,2,0
BRDA:89,17,0,3
BRDA:89,17,1,0
BRDA:94,18,0,1
BRDA:94,18,1,0
BRDA:94,19,0,1
BRDA:94,19,1,0
BRDA:101,20,0,3
BRDA:101,20,1,4
BRDA:102,21,0,0
BRDA:102,21,1,4
BRDA:109,22,0,4
BRDA:109,22,1,3
BRDA:111,23,0,2
BRDA:111,23,1,2
BRDA:115,24,0,2
BRDA:115,24,1,0
BRDA:124,25,0,7
BRDA:124,25,1,2
BRDA:127,26,0,7
BRDA:127,26,1,2
BRDA:133,27,0,7
BRDA:133,27,1,4
BRDA:139,28,0,7
BRDA:139,28,1,4
BRDA:139,28,2,2
BRDA:143,29,0,2
BRDA:143,29,1,1
BRDA:168,30,0,7
BRDA:168,30,1,3
BRDA:181,31,0,2
BRDA:181,31,1,2
BRDA:187,32,0,3
BRDA:187,32,1,3
BRDA:202,33,0,3
BRDA:202,33,1,3
BRDA:206,34,0,0
BRDA:206,34,1,1
BRF:74
BRH:57
end_of_record
TN:
SF:src\Builds.tsx
FN:16,Builds
FN:21,(anonymous_1)
FN:23,(anonymous_2)
FN:24,(anonymous_3)
FN:28,(anonymous_4)
FN:29,(anonymous_5)
FN:59,(anonymous_6)
FN:77,(anonymous_7)
FN:93,(anonymous_8)
FN:94,(anonymous_9)
FNF:10
FNH:9
FNDA:15,Builds
FNDA:7,(anonymous_1)
FNDA:7,(anonymous_2)
FNDA:7,(anonymous_3)
FNDA:0,(anonymous_4)
FNDA:7,(anonymous_5)
FNDA:7,(anonymous_6)
FNDA:2,(anonymous_7)
FNDA:1,(anonymous_8)
FNDA:1,(anonymous_9)
DA:17,15
DA:18,15
DA:19,15
DA:21,15
DA:22,7
DA:23,7
DA:25,7
DA:26,0
DA:28,0
DA:29,7
DA:32,15
DA:60,7
DA:78,2
DA:83,0
DA:84,2
DA:85,2
DA:91,2
DA:92,1
DA:93,1
DA:94,1
DA:97,1
DA:98,1
LF:22
LH:19
BRDA:25,0,0,7
BRDA:25,0,1,0
BRDA:36,1,0,7
BRDA:36,1,1,8
BRDA:42,2,0,7
BRDA:42,2,1,8
BRDA:70,3,0,3
BRDA:70,3,1,4
BRDA:78,4,0,0
BRDA:78,4,1,2
BRDA:87,5,0,2
BRDA:87,5,1,0
BRDA:91,6,0,1
BRDA:91,6,1,1
BRF:14
BRH:11
end_of_record
TN:
SF:src\EditBuild.tsx
FN:15,EditBuild
FN:31,(anonymous_1)
FN:35,(anonymous_2)
FN:39,(anonymous_3)
FN:49,(anonymous_4)
FN:52,(anonymous_5)
FN:57,(anonymous_6)
FN:62,(anonymous_7)
FN:65,(anonymous_8)
FN:112,(anonymous_9)
FN:112,(anonymous_10)
FNF:11
FNH:8
FNDA:13,EditBuild
FNDA:4,(anonymous_1)
FNDA:3,(anonymous_2)
FNDA:3,(anonymous_3)
FNDA:0,(anonymous_4)
FNDA:3,(anonymous_5)
FNDA:2,(anonymous_6)
FNDA:2,(anonymous_7)
FNDA:2,(anonymous_8)
FNDA:0,(anonymous_9)
FNDA:0,(anonymous_10)
DA:16,13
DA:17,13
DA:18,13
DA:19,13
DA:27,13
DA:28,13
DA:29,13
DA:31,13
DA:32,4
DA:33,4
DA:34,4
DA:36,3
DA:37,3
DA:40,3
DA:50,0
DA:52,3
DA:55,13
DA:57,11
DA:60,2
DA:61,2
DA:62,2
DA:65,11
DA:66,2
DA:67,2
DA:68,2
DA:69,2
DA:70,2
DA:78,2
DA:79,1
DA:81,1
DA:82,1
DA:84,2
DA:88,11
DA:90,8
DA:112,0
LF:35
LH:33
BRDA:32,0,0,0
BRDA:32,0,1,4
BRDA:36,1,0,0
BRDA:36,1,1,3
BRDA:41,2,0,3
BRDA:41,2,1,1
BRDA:42,3,0,3
BRDA:42,3,1,3
BRDA:43,4,0,3
BRDA:43,4,1,3
BRDA:44,5,0,3
BRDA:44,5,1,2
BRDA:45,6,0,3
BRDA:45,6,1,2
BRDA:46,7,0,3
BRDA:46,7,1,2
BRDA:50,8,0,0
BRDA:50,8,1,0
BRDA:55,9,0,2
BRDA:55,9,1,11
BRDA:55,10,0,13
BRDA:55,10,1,13
BRDA:74,11,0,2
BRDA:74,11,1,0
BRDA:78,12,0,1
BRDA:78,12,1,1
BRDA:81,13,0,1
BRDA:81,13,1,0
BRDA:88,14,0,3
BRDA:88,14,1,8
BRDA:93,15,0,8
BRDA:93,15,1,1
BRDA:129,16,0,2
BRDA:129,16,1,6
BRF:34
BRH:28
end_of_record
TN:
SF:src\EditUser.tsx
FN:7,EditUser
FN:16,(anonymous_1)
FN:21,(anonymous_2)
FN:22,(anonymous_3)
FN:29,(anonymous_4)
FN:54,(anonymous_5)
FN:61,(anonymous_6)
FN:68,(anonymous_7)
FNF:8
FNH:7
FNDA:11,EditUser
FNDA:3,(anonymous_1)
FNDA:2,(anonymous_2)
FNDA:2,(anonymous_3)
FNDA:3,(anonymous_4)
FNDA:1,(anonymous_5)
FNDA:0,(anonymous_6)
FNDA:1,(anonymous_7)
DA:8,11
DA:9,11
DA:10,11
DA:11,11
DA:12,11
DA:13,11
DA:14,11
DA:16,11
DA:17,3
DA:18,2
DA:21,2
DA:23,2
DA:24,2
DA:25,2
DA:29,11
DA:30,3
DA:31,3
DA:32,2
DA:33,2
DA:41,2
DA:42,2
DA:45,11
DA:54,1
DA:61,0
DA:68,1
LF:25
LH:24
BRDA:17,0,0,1
BRDA:17,0,1,2
BRDA:23,1,0,2
BRDA:23,1,1,0
BRDA:24,2,0,2
BRDA:24,2,1,0
BRDA:25,3,0,2
BRDA:25,3,1,0
BRDA:31,4,0,1
BRDA:31,4,1,2
BRDA:75,5,0,2
BRDA:75,5,1,9
BRF:12
BRH:9
end_of_record
TN:
SF:src\Header.tsx
FN:6,Header
FNF:1
FNH:1
FNDA:4,Header
DA:7,4
DA:8,4
DA:10,4
LF:3
LH:3
BRDA:8,0,0,4
BRDA:8,0,1,1
BRDA:17,1,0,3
BRDA:17,1,1,1
BRDA:20,2,0,3
BRDA:20,2,1,0
BRDA:22,3,0,3
BRDA:22,3,1,1
BRDA:23,4,0,3
BRDA:23,4,1,0
BRF:10
BRH:8
end_of_record
TN:
SF:src\Login.tsx
FN:8,Login
FN:17,(anonymous_1)
FN:65,(anonymous_2)
FN:76,(anonymous_3)
FNF:4
FNH:4
FNDA:29,Login
FNDA:5,(anonymous_1)
FNDA:6,(anonymous_2)
FNDA:6,(anonymous_3)
DA:9,29
DA:10,29
DA:12,29
DA:13,29
DA:14,29
DA:15,29
DA:17,29
DA:18,5
DA:19,5
DA:20,5
DA:22,5
DA:23,5
DA:28,4
DA:30,4
DA:31,2
DA:32,2
DA:33,2
DA:36,2
DA:45,5
DA:47,1
DA:49,5
DA:53,29
DA:65,6
DA:76,6
LF:24
LH:24
BRDA:30,0,0,2
BRDA:30,0,1,2
BRDA:31,1,0,2
BRDA:31,1,1,1
BRDA:41,2,0,2
BRDA:41,2,1,1
BRDA:41,2,2,0
BRF:7
BRH:6
end_of_record
TN:
SF:src\NewBuild.tsx
FN:6,NewBuild
FN:19,(anonymous_1)
FN:27,(anonymous_2)
FN:85,(anonymous_3)
FNF:4
FNH:4
FNDA:52,NewBuild
FNDA:27,(anonymous_1)
FNDA:8,(anonymous_2)
FNDA:3,(anonymous_3)
DA:7,52
DA:14,52
DA:15,52
DA:16,52
DA:17,52
DA:19,52
DA:24,27
DA:27,52
DA:28,8
DA:29,8
DA:31,8
DA:32,2
DA:33,2
DA:36,6
DA:37,6
DA:38,6
DA:39,6
DA:40,6
DA:41,6
DA:42,6
DA:44,6
DA:45,6
DA:46,6
DA:47,6
DA:48,6
DA:50,6
DA:51,1
DA:54,6
DA:60,6
DA:61,3
DA:62,3
DA:63,3
DA:64,1
DA:65,0
DA:68,2
DA:70,3
DA:73,3
DA:74,3
DA:75,1
DA:78,2
DA:80,4
DA:81,4
DA:85,52
DA:86,3
DA:89,52
LF:45
LH:44
BRDA:31,0,0,2
BRDA:31,0,1,6
BRDA:31,1,0,8
BRDA:31,1,1,3
BRDA:46,2,0,2
BRDA:46,2,1,4
BRDA:47,3,0,1
BRDA:47,3,1,5
BRDA:50,4,0,1
BRDA:50,4,1,5
BRDA:56,5,0,6
BRDA:56,5,1,0
BRDA:60,6,0,3
BRDA:60,6,1,3
BRDA:64,7,0,0
BRDA:64,7,1,1
BRDA:64,8,0,1
BRDA:64,8,1,1
BRDA:64,8,2,1
BRDA:74,9,0,1
BRDA:74,9,1,2
BRDA:81,10,0,4
BRDA:81,10,1,0
BRDA:93,11,0,52
BRDA:93,11,1,6
BRDA:132,12,0,51
BRDA:132,12,1,1
BRF:27
BRH:24
end_of_record
TN:
SF:src\Signup.tsx
FN:7,Signup
FN:17,(anonymous_1)
FN:58,(anonymous_2)
FN:69,(anonymous_3)
FN:81,(anonymous_4)
FNF:5
FNH:5
FNDA:23,Signup
FNDA:3,(anonymous_1)
FNDA:4,(anonymous_2)
FNDA:4,(anonymous_3)
FNDA:4,(anonymous_4)
DA:8,23
DA:9,23
DA:11,23
DA:12,23
DA:13,23
DA:14,23
DA:15,23
DA:17,23
DA:18,3
DA:19,3
DA:20,3
DA:22,3
DA:23,3
DA:29,3
DA:31,3
DA:32,2
DA:33,2
DA:34,2
DA:37,1
DA:38,1
DA:40,0
DA:42,3
DA:46,23
DA:58,4
DA:69,4
DA:81,4
LF:26
LH:25
BRDA:31,0,0,2
BRDA:31,0,1,1
BRDA:32,1,0,2
BRDA:32,1,1,1
BRF:4
BRH:4
end_of_record
TN:
SF:src\VersionDetail.tsx
FN:26,VersionDetail
FN:36,(anonymous_1)
FN:40,(anonymous_2)
FN:44,(anonymous_3)
FN:48,(anonymous_4)
FN:52,(anonymous_5)
FN:55,(anonymous_6)
FN:58,(anonymous_7)
FN:61,(anonymous_8)
FN:63,(anonymous_9)
FN:78,(anonymous_10)
FN:93,(anonymous_11)
FN:103,(anonymous_12)
FN:106,(anonymous_13)
FN:113,(anonymous_14)
FN:140,(anonymous_15)
FN:180,(anonymous_16)
FN:234,(anonymous_17)
FN:234,(anonymous_18)
FNF:19
FNH:18
FNDA:23,VersionDetail
FNDA:8,(anonymous_1)
FNDA:8,(anonymous_2)
FNDA:7,(anonymous_3)
FNDA:7,(anonymous_4)
FNDA:7,(anonymous_5)
FNDA:1,(anonymous_6)
FNDA:8,(anonymous_7)
FNDA:15,(anonymous_8)
FNDA:7,(anonymous_9)
FNDA:25,(anonymous_10)
FNDA:2,(anonymous_11)
FNDA:2,(anonymous_12)
FNDA:0,(anonymous_13)
FNDA:14,(anonymous_14)
FNDA:2,(anonymous_15)
FNDA:2,(anonymous_16)
FNDA:1,(anonymous_17)
FNDA:1,(anonymous_18)
DA:27,23
DA:28,23
DA:29,23
DA:30,23
DA:31,23
DA:32,23
DA:33,23
DA:34,23
DA:36,23
DA:37,8
DA:41,8
DA:42,7
DA:45,7
DA:46,7
DA:49,7
DA:50,7
DA:53,7
DA:56,1
DA:58,8
DA:61,23
DA:62,15
DA:63,7
DA:64,7
DA:65,7
DA:66,1
DA:67,6
DA:68,2
DA:69,2
DA:75,1
DA:77,5
DA:78,5
DA:79,25
DA:82,0
DA:85,7
DA:86,5
DA:87,5
DA:90,2
DA:94,2
DA:95,2
DA:99,2
DA:101,0
DA:104,2
DA:107,0
DA:111,23
DA:112,15
DA:113,14
DA:114,14
DA:115,14
DA:116,14
DA:117,9
DA:118,9
DA:119,9
DA:121,2
DA:124,14
DA:141,2
DA:142,2
DA:149,2
DA:150,1
DA:154,1
DA:157,1
DA:160,1
DA:161,1
DA:162,1
DA:163,1
DA:164,1
DA:167,1
DA:168,1
DA:170,1
DA:171,1
DA:181,2
DA:182,1
DA:183,1
DA:187,1
DA:188,1
DA:190,0
DA:191,0
DA:234,1
LF:77
LH:72
BRDA:38,0,0,4
BRDA:38,0,1,4
BRDA:41,1,0,1
BRDA:41,1,1,7
BRDA:49,2,0,0
BRDA:49,2,1,7
BRDA:62,3,0,8
BRDA:62,3,1,7
BRDA:64,4,0,0
BRDA:64,4,1,7
BRDA:65,5,0,1
BRDA:65,5,1,6
BRDA:65,6,0,7
BRDA:65,6,1,7
BRDA:67,7,0,2
BRDA:67,7,1,4
BRDA:67,8,0,6
BRDA:67,8,1,2
BRDA:69,9,0,1
BRDA:69,9,1,1
BRDA:70,10,0,2
BRDA:70,10,1,1
BRDA:70,10,2,1
BRDA:70,10,3,1
BRDA:77,11,0,5
BRDA:77,11,1,0
BRDA:77,12,0,5
BRDA:77,12,1,5
BRDA:85,13,0,5
BRDA:85,13,1,2
BRDA:91,14,0,1
BRDA:91,14,1,1
BRDA:94,15,0,2
BRDA:94,15,1,0
BRDA:95,16,0,2
BRDA:95,16,1,0
BRDA:96,17,0,2
BRDA:96,17,1,2
BRDA:96,17,2,0
BRDA:96,17,3,0
BRDA:104,18,0,2
BRDA:104,18,1,0
BRDA:111,19,0,8
BRDA:111,19,1,15
BRDA:112,20,0,1
BRDA:112,20,1,14
BRDA:112,21,0,15
BRDA:112,21,1,14
BRDA:114,22,0,0
BRDA:114,22,1,14
BRDA:115,23,0,7
BRDA:115,23,1,7
BRDA:116,24,0,5
BRDA:116,24,1,9
BRDA:116,25,0,14
BRDA:116,25,1,5
BRDA:117,26,0,9
BRDA:117,26,1,0
BRDA:119,27,0,7
BRDA:119,27,1,2
BRDA:134,28,0,14
BRDA:134,28,1,2
BRDA:145,29,0,1
BRDA:145,29,1,1
BRDA:149,30,0,1
BRDA:149,30,1,1
BRDA:177,31,0,23
BRDA:177,31,1,3
BRDA:181,32,0,1
BRDA:181,32,1,1
BRDA:187,33,0,0
BRDA:187,33,1,1
BRDA:216,34,0,23
BRDA:216,34,1,14
BRDA:228,35,0,23
BRDA:228,35,1,3
BRDA:236,36,0,1
BRDA:236,36,1,2
BRDA:240,37,0,1
BRDA:240,37,1,2
BRF:80
BRH:69
end_of_record
