TN:
SF:src\AdminUsers.tsx
FN:13,AdminUsers
FN:20,(anonymous_1)
FN:24,(anonymous_2)
FN:28,(anonymous_3)
FN:29,(anonymous_4)
FN:30,(anonymous_5)
FN:33,(anonymous_6)
FN:41,(anonymous_7)
FN:41,(anonymous_8)
FN:61,(anonymous_9)
FN:73,(anonymous_10)
FNF:11
FNH:10
FNDA:7,AdminUsers
FNDA:3,(anonymous_1)
FNDA:3,(anonymous_2)
FNDA:3,(anonymous_3)
FNDA:0,(anonymous_4)
FNDA:3,(anonymous_5)
FNDA:2,(anonymous_6)
FNDA:1,(anonymous_7)
FNDA:1,(anonymous_8)
FNDA:4,(anonymous_9)
FNDA:2,(anonymous_10)
DA:14,7
DA:15,7
DA:16,7
DA:17,7
DA:20,7
DA:21,3
DA:25,3
DA:26,3
DA:28,3
DA:29,0
DA:30,3
DA:33,7
DA:34,2
DA:36,1
DA:41,1
DA:44,7
DA:45,4
DA:47,4
DA:62,4
DA:73,2
LF:20
LH:19
BRDA:25,0,0,0
BRDA:25,0,1,3
BRDA:34,1,0,1
BRDA:34,1,1,1
BRDA:44,2,0,3
BRDA:44,2,1,4
BRDA:45,3,0,0
BRDA:45,3,1,4
BRDA:66,4,0,1
BRDA:66,4,1,3
BRF:10
BRH:8
end_of_record
TN:
SF:src\AuthContext.ts
FN:21,(anonymous_0)
FN:22,(anonymous_1)
FNF:2
FNH:0
FNDA:0,(anonymous_0)
FNDA:0,(anonymous_1)
DA:18,3
LF:1
LH:1
BRF:0
BRH:0
end_of_record
TN:
SF:src\Builds.tsx
FN:16,Builds
FN:21,(anonymous_1)
FN:23,(anonymous_2)
FN:24,(anonymous_3)
FN:28,(anonymous_4)
FN:29,(anonymous_5)
FN:57,(anonymous_6)
FN:75,(anonymous_7)
FN:91,(anonymous_8)
FN:92,(anonymous_9)
FNF:10
FNH:9
FNDA:15,Builds
FNDA:7,(anonymous_1)
FNDA:7,(anonymous_2)
FNDA:7,(anonymous_3)
FNDA:0,(anonymous_4)
FNDA:7,(anonymous_5)
FNDA:7,(anonymous_6)
FNDA:2,(anonymous_7)
FNDA:1,(anonymous_8)
FNDA:1,(anonymous_9)
DA:17,15
DA:18,15
DA:19,15
DA:21,15
DA:22,7
DA:23,7
DA:25,7
DA:26,0
DA:28,0
DA:29,7
DA:32,15
DA:58,7
DA:76,2
DA:81,0
DA:82,2
DA:83,2
DA:89,2
DA:90,1
DA:91,1
DA:92,1
DA:95,1
DA:96,1
LF:22
LH:19
BRDA:25,0,0,7
BRDA:25,0,1,0
BRDA:40,1,0,7
BRDA:40,1,1,8
BRDA:68,2,0,3
BRDA:68,2,1,4
BRDA:76,3,0,0
BRDA:76,3,1,2
BRDA:85,4,0,2
BRDA:85,4,1,0
BRDA:89,5,0,1
BRDA:89,5,1,1
BRF:12
BRH:9
end_of_record
TN:
SF:src\Header.tsx
FN:6,Header
FNF:1
FNH:1
FNDA:4,Header
DA:7,4
DA:8,4
DA:10,4
LF:3
LH:3
BRDA:8,0,0,4
BRDA:8,0,1,1
BRDA:17,1,0,3
BRDA:17,1,1,1
BRDA:20,2,0,3
BRDA:20,2,1,0
BRDA:22,3,0,3
BRDA:22,3,1,1
BRDA:23,4,0,3
BRDA:23,4,1,0
BRF:10
BRH:8
end_of_record
TN:
SF:src\Login.tsx
FN:6,Login
FN:15,(anonymous_1)
FN:63,(anonymous_2)
FN:74,(anonymous_3)
FNF:4
FNH:4
FNDA:24,Login
FNDA:4,(anonymous_1)
FNDA:5,(anonymous_2)
FNDA:5,(anonymous_3)
DA:7,24
DA:8,24
DA:10,24
DA:11,24
DA:12,24
DA:13,24
DA:15,24
DA:16,4
DA:17,4
DA:18,4
DA:20,4
DA:21,4
DA:26,3
DA:28,3
DA:29,2
DA:30,2
DA:31,2
DA:34,1
DA:43,4
DA:45,1
DA:47,4
DA:51,24
DA:63,5
DA:74,5
LF:24
LH:24
BRDA:28,0,0,2
BRDA:28,0,1,1
BRDA:29,1,0,2
BRDA:29,1,1,1
BRDA:39,2,0,1
BRDA:39,2,1,0
BRDA:39,2,2,0
BRDA:79,3,0,24
BRDA:79,3,1,3
BRDA:82,4,0,4
BRDA:82,4,1,20
BRF:11
BRH:9
end_of_record
TN:
SF:src\NewBuild.tsx
FN:6,NewBuild
FN:19,(anonymous_1)
FN:27,(anonymous_2)
FN:85,(anonymous_3)
FNF:4
FNH:4
FNDA:52,NewBuild
FNDA:27,(anonymous_1)
FNDA:8,(anonymous_2)
FNDA:3,(anonymous_3)
DA:7,52
DA:14,52
DA:15,52
DA:16,52
DA:17,52
DA:19,52
DA:24,27
DA:27,52
DA:28,8
DA:29,8
DA:31,8
DA:32,2
DA:33,2
DA:36,6
DA:37,6
DA:38,6
DA:39,6
DA:40,6
DA:41,6
DA:42,6
DA:44,6
DA:45,6
DA:46,6
DA:47,6
DA:48,6
DA:50,6
DA:51,1
DA:54,6
DA:60,6
DA:61,3
DA:62,3
DA:63,3
DA:64,1
DA:65,0
DA:68,2
DA:70,3
DA:73,3
DA:74,3
DA:75,1
DA:78,2
DA:80,4
DA:81,4
DA:85,52
DA:86,3
DA:89,52
LF:45
LH:44
BRDA:31,0,0,2
BRDA:31,0,1,6
BRDA:31,1,0,8
BRDA:31,1,1,3
BRDA:46,2,0,2
BRDA:46,2,1,4
BRDA:47,3,0,1
BRDA:47,3,1,5
BRDA:50,4,0,1
BRDA:50,4,1,5
BRDA:56,5,0,6
BRDA:56,5,1,0
BRDA:60,6,0,3
BRDA:60,6,1,3
BRDA:64,7,0,0
BRDA:64,7,1,1
BRDA:64,8,0,1
BRDA:64,8,1,1
BRDA:64,8,2,1
BRDA:74,9,0,1
BRDA:74,9,1,2
BRDA:81,10,0,4
BRDA:81,10,1,0
BRDA:93,11,0,52
BRDA:93,11,1,6
BRDA:132,12,0,51
BRDA:132,12,1,1
BRF:27
BRH:24
end_of_record
TN:
SF:src\Signup.tsx
FN:5,Signup
FN:15,(anonymous_1)
FN:56,(anonymous_2)
FN:67,(anonymous_3)
FN:79,(anonymous_4)
FNF:5
FNH:5
FNDA:23,Signup
FNDA:3,(anonymous_1)
FNDA:4,(anonymous_2)
FNDA:4,(anonymous_3)
FNDA:4,(anonymous_4)
DA:6,23
DA:7,23
DA:9,23
DA:10,23
DA:11,23
DA:12,23
DA:13,23
DA:15,23
DA:16,3
DA:17,3
DA:18,3
DA:20,3
DA:21,3
DA:27,3
DA:29,3
DA:30,2
DA:31,2
DA:32,2
DA:35,1
DA:36,1
DA:38,0
DA:40,3
DA:44,23
DA:56,4
DA:67,4
DA:79,4
LF:26
LH:25
BRDA:29,0,0,2
BRDA:29,0,1,1
BRDA:30,1,0,2
BRDA:30,1,1,1
BRDA:84,2,0,23
BRDA:84,2,1,2
BRDA:87,3,0,3
BRDA:87,3,1,20
BRF:8
BRH:8
end_of_record
